2025-03-05T00:40:25.829Z  INFO 1 --- [main] com.wit.rest.CalculatorApiApplication    : Starting CalculatorApiApplication v0.0.1-SNAPSHOT using Java 17.0.2 with PID 1 (/app/app.jar started by root in /app)
2025-03-05T00:40:25.969Z DEBUG 1 --- [main] com.wit.rest.CalculatorApiApplication    : Running with Spring Boot v3.4.3, Spring v6.2.3
2025-03-05T00:40:25.981Z  INFO 1 --- [main] com.wit.rest.CalculatorApiApplication    : No active profile set, falling back to 1 default profile: "default"
2025-03-05T00:40:38.475Z  INFO 1 --- [main] o.s.b.w.embedded.tomcat.TomcatWebServer  : Tomcat initialized with port 8081 (http)
2025-03-05T00:40:38.535Z  INFO 1 --- [main] o.apache.catalina.core.StandardService   : Starting service [Tomcat]
2025-03-05T00:40:38.538Z  INFO 1 --- [main] o.apache.catalina.core.StandardEngine    : Starting Servlet engine: [Apache Tomcat/10.1.36]
2025-03-05T00:40:38.718Z  INFO 1 --- [main] o.a.c.c.C.[Tomcat].[localhost].[/]       : Initializing Spring embedded WebApplicationContext
2025-03-05T00:40:38.728Z  INFO 1 --- [main] w.s.c.ServletWebServerApplicationContext : Root WebApplicationContext: initialization completed in 11395 ms
2025-03-05T00:40:42.077Z  INFO 1 --- [main] o.s.b.w.embedded.tomcat.TomcatWebServer  : Tomcat started on port 8081 (http) with context path '/'
2025-03-05T00:40:42.367Z  INFO 1 --- [main] o.a.k.clients.consumer.ConsumerConfig    : ConsumerConfig values: 
	allow.auto.create.topics = true
	auto.commit.interval.ms = 5000
	auto.include.jmx.reporter = true
	auto.offset.reset = latest
	bootstrap.servers = [kafka:9092]
	check.crcs = true
	client.dns.lookup = use_all_dns_ips
	client.id = consumer-calc-group-1
	client.rack = 
	connections.max.idle.ms = 540000
	default.api.timeout.ms = 60000
	enable.auto.commit = false
	enable.metrics.push = true
	exclude.internal.topics = true
	fetch.max.bytes = 52428800
	fetch.max.wait.ms = 500
	fetch.min.bytes = 1
	group.id = calc-group
	group.instance.id = null
	group.protocol = classic
	group.remote.assignor = null
	heartbeat.interval.ms = 3000
	interceptor.classes = []
	internal.leave.group.on.close = true
	internal.throw.on.fetch.stable.offset.unsupported = false
	isolation.level = read_uncommitted
	key.deserializer = class org.apache.kafka.common.serialization.StringDeserializer
	max.partition.fetch.bytes = 1048576
	max.poll.interval.ms = 300000
	max.poll.records = 500
	metadata.max.age.ms = 300000
	metadata.recovery.strategy = none
	metric.reporters = []
	metrics.num.samples = 2
	metrics.recording.level = INFO
	metrics.sample.window.ms = 30000
	partition.assignment.strategy = [class org.apache.kafka.clients.consumer.RangeAssignor, class org.apache.kafka.clients.consumer.CooperativeStickyAssignor]
	receive.buffer.bytes = 65536
	reconnect.backoff.max.ms = 1000
	reconnect.backoff.ms = 50
	request.timeout.ms = 30000
	retry.backoff.max.ms = 1000
	retry.backoff.ms = 100
	sasl.client.callback.handler.class = null
	sasl.jaas.config = null
	sasl.kerberos.kinit.cmd = /usr/bin/kinit
	sasl.kerberos.min.time.before.relogin = 60000
	sasl.kerberos.service.name = null
	sasl.kerberos.ticket.renew.jitter = 0.05
	sasl.kerberos.ticket.renew.window.factor = 0.8
	sasl.login.callback.handler.class = null
	sasl.login.class = null
	sasl.login.connect.timeout.ms = null
	sasl.login.read.timeout.ms = null
	sasl.login.refresh.buffer.seconds = 300
	sasl.login.refresh.min.period.seconds = 60
	sasl.login.refresh.window.factor = 0.8
	sasl.login.refresh.window.jitter = 0.05
	sasl.login.retry.backoff.max.ms = 10000
	sasl.login.retry.backoff.ms = 100
	sasl.mechanism = GSSAPI
	sasl.oauthbearer.clock.skew.seconds = 30
	sasl.oauthbearer.expected.audience = null
	sasl.oauthbearer.expected.issuer = null
	sasl.oauthbearer.jwks.endpoint.refresh.ms = 3600000
	sasl.oauthbearer.jwks.endpoint.retry.backoff.max.ms = 10000
	sasl.oauthbearer.jwks.endpoint.retry.backoff.ms = 100
	sasl.oauthbearer.jwks.endpoint.url = null
	sasl.oauthbearer.scope.claim.name = scope
	sasl.oauthbearer.sub.claim.name = sub
	sasl.oauthbearer.token.endpoint.url = null
	security.protocol = PLAINTEXT
	security.providers = null
	send.buffer.bytes = 131072
	session.timeout.ms = 45000
	socket.connection.setup.timeout.max.ms = 30000
	socket.connection.setup.timeout.ms = 10000
	ssl.cipher.suites = null
	ssl.enabled.protocols = [TLSv1.2, TLSv1.3]
	ssl.endpoint.identification.algorithm = https
	ssl.engine.factory.class = null
	ssl.key.password = null
	ssl.keymanager.algorithm = SunX509
	ssl.keystore.certificate.chain = null
	ssl.keystore.key = null
	ssl.keystore.location = null
	ssl.keystore.password = null
	ssl.keystore.type = JKS
	ssl.protocol = TLSv1.3
	ssl.provider = null
	ssl.secure.random.implementation = null
	ssl.trustmanager.algorithm = PKIX
	ssl.truststore.certificates = null
	ssl.truststore.location = null
	ssl.truststore.password = null
	ssl.truststore.type = JKS
	value.deserializer = class org.springframework.kafka.support.serializer.JsonDeserializer

2025-03-05T00:40:42.685Z  INFO 1 --- [main] o.a.k.c.t.i.KafkaMetricsCollector        : initializing Kafka metrics collector
2025-03-05T00:40:43.547Z  INFO 1 --- [main] o.a.kafka.common.utils.AppInfoParser     : Kafka version: 3.8.1
2025-03-05T00:40:43.556Z  INFO 1 --- [main] o.a.kafka.common.utils.AppInfoParser     : Kafka commitId: 70d6ff42debf7e17
2025-03-05T00:40:43.558Z  INFO 1 --- [main] o.a.kafka.common.utils.AppInfoParser     : Kafka startTimeMs: 1741135243542
2025-03-05T00:40:43.573Z  INFO 1 --- [main] o.a.k.c.c.internals.LegacyKafkaConsumer  : [Consumer clientId=consumer-calc-group-1, groupId=calc-group] Subscribed to topic(s): calc-requests
2025-03-05T00:40:43.699Z  INFO 1 --- [main] com.wit.rest.CalculatorApiApplication    : Started CalculatorApiApplication in 29.891 seconds (process running for 35.625)
2025-03-05T00:40:48.363Z  INFO 1 --- [org.springframework.kafka.KafkaListenerEndpointContainer#0-0-C-1] org.apache.kafka.clients.NetworkClient   : [Consumer clientId=consumer-calc-group-1, groupId=calc-group] Node -1 disconnected.
2025-03-05T00:40:48.386Z  WARN 1 --- [org.springframework.kafka.KafkaListenerEndpointContainer#0-0-C-1] org.apache.kafka.clients.NetworkClient   : [Consumer clientId=consumer-calc-group-1, groupId=calc-group] Connection to node -1 (kafka/172.18.0.3:9092) could not be established. Node may not be available.
2025-03-05T00:40:48.389Z  WARN 1 --- [org.springframework.kafka.KafkaListenerEndpointContainer#0-0-C-1] org.apache.kafka.clients.NetworkClient   : [Consumer clientId=consumer-calc-group-1, groupId=calc-group] Bootstrap broker kafka:9092 (id: -1 rack: null) disconnected
2025-03-05T00:40:48.527Z  INFO 1 --- [org.springframework.kafka.KafkaListenerEndpointContainer#0-0-C-1] org.apache.kafka.clients.NetworkClient   : [Consumer clientId=consumer-calc-group-1, groupId=calc-group] Node -1 disconnected.
2025-03-05T00:40:48.529Z  WARN 1 --- [org.springframework.kafka.KafkaListenerEndpointContainer#0-0-C-1] org.apache.kafka.clients.NetworkClient   : [Consumer clientId=consumer-calc-group-1, groupId=calc-group] Connection to node -1 (kafka/172.18.0.3:9092) could not be established. Node may not be available.
2025-03-05T00:40:48.530Z  WARN 1 --- [org.springframework.kafka.KafkaListenerEndpointContainer#0-0-C-1] org.apache.kafka.clients.NetworkClient   : [Consumer clientId=consumer-calc-group-1, groupId=calc-group] Bootstrap broker kafka:9092 (id: -1 rack: null) disconnected
2025-03-05T00:40:48.787Z  INFO 1 --- [org.springframework.kafka.KafkaListenerEndpointContainer#0-0-C-1] org.apache.kafka.clients.NetworkClient   : [Consumer clientId=consumer-calc-group-1, groupId=calc-group] Node -1 disconnected.
2025-03-05T00:40:48.802Z  WARN 1 --- [org.springframework.kafka.KafkaListenerEndpointContainer#0-0-C-1] org.apache.kafka.clients.NetworkClient   : [Consumer clientId=consumer-calc-group-1, groupId=calc-group] Connection to node -1 (kafka/172.18.0.3:9092) could not be established. Node may not be available.
2025-03-05T00:40:48.808Z  WARN 1 --- [org.springframework.kafka.KafkaListenerEndpointContainer#0-0-C-1] org.apache.kafka.clients.NetworkClient   : [Consumer clientId=consumer-calc-group-1, groupId=calc-group] Bootstrap broker kafka:9092 (id: -1 rack: null) disconnected
2025-03-05T00:40:49.191Z  INFO 1 --- [org.springframework.kafka.KafkaListenerEndpointContainer#0-0-C-1] org.apache.kafka.clients.NetworkClient   : [Consumer clientId=consumer-calc-group-1, groupId=calc-group] Node -1 disconnected.
2025-03-05T00:40:49.303Z  WARN 1 --- [org.springframework.kafka.KafkaListenerEndpointContainer#0-0-C-1] org.apache.kafka.clients.NetworkClient   : [Consumer clientId=consumer-calc-group-1, groupId=calc-group] Connection to node -1 (kafka/172.18.0.3:9092) could not be established. Node may not be available.
2025-03-05T00:40:49.309Z  WARN 1 --- [org.springframework.kafka.KafkaListenerEndpointContainer#0-0-C-1] org.apache.kafka.clients.NetworkClient   : [Consumer clientId=consumer-calc-group-1, groupId=calc-group] Bootstrap broker kafka:9092 (id: -1 rack: null) disconnected
2025-03-05T00:40:49.585Z  INFO 1 --- [org.springframework.kafka.KafkaListenerEndpointContainer#0-0-C-1] org.apache.kafka.clients.NetworkClient   : [Consumer clientId=consumer-calc-group-1, groupId=calc-group] Node -1 disconnected.
2025-03-05T00:40:49.588Z  WARN 1 --- [org.springframework.kafka.KafkaListenerEndpointContainer#0-0-C-1] org.apache.kafka.clients.NetworkClient   : [Consumer clientId=consumer-calc-group-1, groupId=calc-group] Connection to node -1 (kafka/172.18.0.3:9092) could not be established. Node may not be available.
2025-03-05T00:40:49.591Z  WARN 1 --- [org.springframework.kafka.KafkaListenerEndpointContainer#0-0-C-1] org.apache.kafka.clients.NetworkClient   : [Consumer clientId=consumer-calc-group-1, groupId=calc-group] Bootstrap broker kafka:9092 (id: -1 rack: null) disconnected
2025-03-05T00:40:50.387Z  INFO 1 --- [org.springframework.kafka.KafkaListenerEndpointContainer#0-0-C-1] org.apache.kafka.clients.NetworkClient   : [Consumer clientId=consumer-calc-group-1, groupId=calc-group] Node -1 disconnected.
2025-03-05T00:40:50.388Z  WARN 1 --- [org.springframework.kafka.KafkaListenerEndpointContainer#0-0-C-1] org.apache.kafka.clients.NetworkClient   : [Consumer clientId=consumer-calc-group-1, groupId=calc-group] Connection to node -1 (kafka/172.18.0.3:9092) could not be established. Node may not be available.
2025-03-05T00:40:50.389Z  WARN 1 --- [org.springframework.kafka.KafkaListenerEndpointContainer#0-0-C-1] org.apache.kafka.clients.NetworkClient   : [Consumer clientId=consumer-calc-group-1, groupId=calc-group] Bootstrap broker kafka:9092 (id: -1 rack: null) disconnected
2025-03-05T00:40:51.417Z  INFO 1 --- [org.springframework.kafka.KafkaListenerEndpointContainer#0-0-C-1] org.apache.kafka.clients.NetworkClient   : [Consumer clientId=consumer-calc-group-1, groupId=calc-group] Node -1 disconnected.
2025-03-05T00:40:51.436Z  WARN 1 --- [org.springframework.kafka.KafkaListenerEndpointContainer#0-0-C-1] org.apache.kafka.clients.NetworkClient   : [Consumer clientId=consumer-calc-group-1, groupId=calc-group] Connection to node -1 (kafka/172.18.0.3:9092) could not be established. Node may not be available.
2025-03-05T00:40:51.439Z  WARN 1 --- [org.springframework.kafka.KafkaListenerEndpointContainer#0-0-C-1] org.apache.kafka.clients.NetworkClient   : [Consumer clientId=consumer-calc-group-1, groupId=calc-group] Bootstrap broker kafka:9092 (id: -1 rack: null) disconnected
2025-03-05T00:40:52.420Z  INFO 1 --- [org.springframework.kafka.KafkaListenerEndpointContainer#0-0-C-1] org.apache.kafka.clients.NetworkClient   : [Consumer clientId=consumer-calc-group-1, groupId=calc-group] Node -1 disconnected.
2025-03-05T00:40:52.422Z  WARN 1 --- [org.springframework.kafka.KafkaListenerEndpointContainer#0-0-C-1] org.apache.kafka.clients.NetworkClient   : [Consumer clientId=consumer-calc-group-1, groupId=calc-group] Connection to node -1 (kafka/172.18.0.3:9092) could not be established. Node may not be available.
2025-03-05T00:40:52.423Z  WARN 1 --- [org.springframework.kafka.KafkaListenerEndpointContainer#0-0-C-1] org.apache.kafka.clients.NetworkClient   : [Consumer clientId=consumer-calc-group-1, groupId=calc-group] Bootstrap broker kafka:9092 (id: -1 rack: null) disconnected
2025-03-05T00:40:53.460Z  INFO 1 --- [org.springframework.kafka.KafkaListenerEndpointContainer#0-0-C-1] org.apache.kafka.clients.NetworkClient   : [Consumer clientId=consumer-calc-group-1, groupId=calc-group] Node -1 disconnected.
2025-03-05T00:40:53.476Z  WARN 1 --- [org.springframework.kafka.KafkaListenerEndpointContainer#0-0-C-1] org.apache.kafka.clients.NetworkClient   : [Consumer clientId=consumer-calc-group-1, groupId=calc-group] Connection to node -1 (kafka/172.18.0.3:9092) could not be established. Node may not be available.
2025-03-05T00:40:53.497Z  WARN 1 --- [org.springframework.kafka.KafkaListenerEndpointContainer#0-0-C-1] org.apache.kafka.clients.NetworkClient   : [Consumer clientId=consumer-calc-group-1, groupId=calc-group] Bootstrap broker kafka:9092 (id: -1 rack: null) disconnected
2025-03-05T00:40:54.391Z  INFO 1 --- [org.springframework.kafka.KafkaListenerEndpointContainer#0-0-C-1] org.apache.kafka.clients.NetworkClient   : [Consumer clientId=consumer-calc-group-1, groupId=calc-group] Node -1 disconnected.
2025-03-05T00:40:54.393Z  WARN 1 --- [org.springframework.kafka.KafkaListenerEndpointContainer#0-0-C-1] org.apache.kafka.clients.NetworkClient   : [Consumer clientId=consumer-calc-group-1, groupId=calc-group] Connection to node -1 (kafka/172.18.0.3:9092) could not be established. Node may not be available.
2025-03-05T00:40:54.395Z  WARN 1 --- [org.springframework.kafka.KafkaListenerEndpointContainer#0-0-C-1] org.apache.kafka.clients.NetworkClient   : [Consumer clientId=consumer-calc-group-1, groupId=calc-group] Bootstrap broker kafka:9092 (id: -1 rack: null) disconnected
2025-03-05T00:40:59.784Z  WARN 1 --- [org.springframework.kafka.KafkaListenerEndpointContainer#0-0-C-1] org.apache.kafka.clients.NetworkClient   : [Consumer clientId=consumer-calc-group-1, groupId=calc-group] Error while fetching metadata with correlation id 2 : {calc-requests=UNKNOWN_TOPIC_OR_PARTITION}
2025-03-05T00:40:59.819Z  INFO 1 --- [org.springframework.kafka.KafkaListenerEndpointContainer#0-0-C-1] org.apache.kafka.clients.Metadata        : [Consumer clientId=consumer-calc-group-1, groupId=calc-group] Cluster ID: cFRT4VxfT_K2nnHdjQZ3oQ
2025-03-05T00:41:00.202Z  INFO 1 --- [org.springframework.kafka.KafkaListenerEndpointContainer#0-0-C-1] o.a.k.c.c.internals.ConsumerCoordinator  : [Consumer clientId=consumer-calc-group-1, groupId=calc-group] Discovered group coordinator kafka:9092 (id: 2147483646 rack: null)
2025-03-05T00:41:00.272Z  INFO 1 --- [org.springframework.kafka.KafkaListenerEndpointContainer#0-0-C-1] o.a.k.c.c.internals.ConsumerCoordinator  : [Consumer clientId=consumer-calc-group-1, groupId=calc-group] (Re-)joining group
2025-03-05T00:41:00.428Z  INFO 1 --- [org.springframework.kafka.KafkaListenerEndpointContainer#0-0-C-1] o.a.k.c.c.internals.ConsumerCoordinator  : [Consumer clientId=consumer-calc-group-1, groupId=calc-group] Request joining group due to: need to re-join with the given member-id: consumer-calc-group-1-91352660-6486-48ed-9fcf-41ee3f829b1a
2025-03-05T00:41:00.436Z  INFO 1 --- [org.springframework.kafka.KafkaListenerEndpointContainer#0-0-C-1] o.a.k.c.c.internals.ConsumerCoordinator  : [Consumer clientId=consumer-calc-group-1, groupId=calc-group] (Re-)joining group
2025-03-05T00:41:03.409Z  INFO 1 --- [org.springframework.kafka.KafkaListenerEndpointContainer#0-0-C-1] o.a.k.c.c.internals.ConsumerCoordinator  : [Consumer clientId=consumer-calc-group-1, groupId=calc-group] Successfully joined group with generation Generation{generationId=5, memberId='consumer-calc-group-1-91352660-6486-48ed-9fcf-41ee3f829b1a', protocol='range'}
2025-03-05T00:41:03.735Z  INFO 1 --- [org.springframework.kafka.KafkaListenerEndpointContainer#0-0-C-1] o.a.k.c.c.internals.ConsumerCoordinator  : [Consumer clientId=consumer-calc-group-1, groupId=calc-group] Successfully synced group in generation Generation{generationId=5, memberId='consumer-calc-group-1-91352660-6486-48ed-9fcf-41ee3f829b1a', protocol='range'}
2025-03-05T00:41:03.754Z  INFO 1 --- [org.springframework.kafka.KafkaListenerEndpointContainer#0-0-C-1] o.a.k.c.c.internals.ConsumerCoordinator  : [Consumer clientId=consumer-calc-group-1, groupId=calc-group] Notifying assignor about the new Assignment(partitions=[calc-requests-0])
2025-03-05T00:41:03.772Z  INFO 1 --- [org.springframework.kafka.KafkaListenerEndpointContainer#0-0-C-1] k.c.c.i.ConsumerRebalanceListenerInvoker : [Consumer clientId=consumer-calc-group-1, groupId=calc-group] Adding newly assigned partitions: calc-requests-0
2025-03-05T00:41:03.887Z  INFO 1 --- [org.springframework.kafka.KafkaListenerEndpointContainer#0-0-C-1] o.a.k.c.c.internals.ConsumerUtils        : Setting offset for partition calc-requests-0 to the committed offset FetchPosition{offset=2, offsetEpoch=Optional.empty, currentLeader=LeaderAndEpoch{leader=Optional[kafka:9092 (id: 1 rack: null)], epoch=0}}
2025-03-05T00:41:03.929Z  INFO 1 --- [org.springframework.kafka.KafkaListenerEndpointContainer#0-0-C-1] o.s.k.l.KafkaMessageListenerContainer    : calc-group: partitions assigned: [calc-requests-0]
2025-03-05T00:41:10.904Z  INFO 1 --- [http-nio-8081-exec-2] o.a.c.c.C.[Tomcat].[localhost].[/]       : Initializing Spring DispatcherServlet 'dispatcherServlet'
2025-03-05T00:41:10.907Z  INFO 1 --- [http-nio-8081-exec-2] o.s.web.servlet.DispatcherServlet        : Initializing Servlet 'dispatcherServlet'
2025-03-05T00:41:10.951Z  INFO 1 --- [http-nio-8081-exec-2] o.s.web.servlet.DispatcherServlet        : Completed initialization in 43 ms
2025-03-05T00:41:11.162Z  INFO 1 --- [http-nio-8081-exec-2] com.wit.calculator.CalculatorService     : Calculando multiplicação: 21 * 17
2025-03-05T00:41:11.163Z  INFO 1 --- [http-nio-8081-exec-2] com.wit.rest.CalculatorController        : UUID=4dae2b59-ac12-47f0-bd04-0a8bbfe123e1 | Operação=multiplication | a=21 | b=17 | Resultado=357
2025-03-05T00:41:11.233Z  INFO 1 --- [http-nio-8081-exec-2] o.a.k.clients.producer.ProducerConfig    : ProducerConfig values: 
	acks = -1
	auto.include.jmx.reporter = true
	batch.size = 16384
	bootstrap.servers = [kafka:9092]
	buffer.memory = 33554432
	client.dns.lookup = use_all_dns_ips
	client.id = producer-1
	compression.gzip.level = -1
	compression.lz4.level = 9
	compression.type = none
	compression.zstd.level = 3
	connections.max.idle.ms = 540000
	delivery.timeout.ms = 120000
	enable.idempotence = true
	enable.metrics.push = true
	interceptor.classes = []
	key.serializer = class org.apache.kafka.common.serialization.StringSerializer
	linger.ms = 0
	max.block.ms = 60000
	max.in.flight.requests.per.connection = 5
	max.request.size = 1048576
	metadata.max.age.ms = 300000
	metadata.max.idle.ms = 300000
	metadata.recovery.strategy = none
	metric.reporters = []
	metrics.num.samples = 2
	metrics.recording.level = INFO
	metrics.sample.window.ms = 30000
	partitioner.adaptive.partitioning.enable = true
	partitioner.availability.timeout.ms = 0
	partitioner.class = null
	partitioner.ignore.keys = false
	receive.buffer.bytes = 32768
	reconnect.backoff.max.ms = 1000
	reconnect.backoff.ms = 50
	request.timeout.ms = 30000
	retries = 2147483647
	retry.backoff.max.ms = 1000
	retry.backoff.ms = 100
	sasl.client.callback.handler.class = null
	sasl.jaas.config = null
	sasl.kerberos.kinit.cmd = /usr/bin/kinit
	sasl.kerberos.min.time.before.relogin = 60000
	sasl.kerberos.service.name = null
	sasl.kerberos.ticket.renew.jitter = 0.05
	sasl.kerberos.ticket.renew.window.factor = 0.8
	sasl.login.callback.handler.class = null
	sasl.login.class = null
	sasl.login.connect.timeout.ms = null
	sasl.login.read.timeout.ms = null
	sasl.login.refresh.buffer.seconds = 300
	sasl.login.refresh.min.period.seconds = 60
	sasl.login.refresh.window.factor = 0.8
	sasl.login.refresh.window.jitter = 0.05
	sasl.login.retry.backoff.max.ms = 10000
	sasl.login.retry.backoff.ms = 100
	sasl.mechanism = GSSAPI
	sasl.oauthbearer.clock.skew.seconds = 30
	sasl.oauthbearer.expected.audience = null
	sasl.oauthbearer.expected.issuer = null
	sasl.oauthbearer.jwks.endpoint.refresh.ms = 3600000
	sasl.oauthbearer.jwks.endpoint.retry.backoff.max.ms = 10000
	sasl.oauthbearer.jwks.endpoint.retry.backoff.ms = 100
	sasl.oauthbearer.jwks.endpoint.url = null
	sasl.oauthbearer.scope.claim.name = scope
	sasl.oauthbearer.sub.claim.name = sub
	sasl.oauthbearer.token.endpoint.url = null
	security.protocol = PLAINTEXT
	security.providers = null
	send.buffer.bytes = 131072
	socket.connection.setup.timeout.max.ms = 30000
	socket.connection.setup.timeout.ms = 10000
	ssl.cipher.suites = null
	ssl.enabled.protocols = [TLSv1.2, TLSv1.3]
	ssl.endpoint.identification.algorithm = https
	ssl.engine.factory.class = null
	ssl.key.password = null
	ssl.keymanager.algorithm = SunX509
	ssl.keystore.certificate.chain = null
	ssl.keystore.key = null
	ssl.keystore.location = null
	ssl.keystore.password = null
	ssl.keystore.type = JKS
	ssl.protocol = TLSv1.3
	ssl.provider = null
	ssl.secure.random.implementation = null
	ssl.trustmanager.algorithm = PKIX
	ssl.truststore.certificates = null
	ssl.truststore.location = null
	ssl.truststore.password = null
	ssl.truststore.type = JKS
	transaction.timeout.ms = 60000
	transactional.id = null
	value.serializer = class org.springframework.kafka.support.serializer.JsonSerializer

2025-03-05T00:41:11.247Z  INFO 1 --- [http-nio-8081-exec-2] o.a.k.c.t.i.KafkaMetricsCollector        : initializing Kafka metrics collector
2025-03-05T00:41:11.318Z  INFO 1 --- [http-nio-8081-exec-2] o.a.k.clients.producer.KafkaProducer     : [Producer clientId=producer-1] Instantiated an idempotent producer.
2025-03-05T00:41:11.380Z  INFO 1 --- [http-nio-8081-exec-2] o.a.kafka.common.utils.AppInfoParser     : Kafka version: 3.8.1
2025-03-05T00:41:11.381Z  INFO 1 --- [http-nio-8081-exec-2] o.a.kafka.common.utils.AppInfoParser     : Kafka commitId: 70d6ff42debf7e17
2025-03-05T00:41:11.391Z  INFO 1 --- [http-nio-8081-exec-2] o.a.kafka.common.utils.AppInfoParser     : Kafka startTimeMs: 1741135271380
2025-03-05T00:41:11.414Z  INFO 1 --- [kafka-producer-network-thread | producer-1] org.apache.kafka.clients.Metadata        : [Producer clientId=producer-1] Cluster ID: cFRT4VxfT_K2nnHdjQZ3oQ
2025-03-05T00:41:11.548Z  INFO 1 --- [kafka-producer-network-thread | producer-1] o.a.k.c.p.internals.TransactionManager   : [Producer clientId=producer-1] ProducerId set to 2000 with epoch 0
2025-03-05T00:41:12.723Z  INFO 1 --- [org.springframework.kafka.KafkaListenerEndpointContainer#0-0-C-1] com.wit.rest.kafka.OperationConsumer     : UUID=4dae2b59-ac12-47f0-bd04-0a8bbfe123e1 | Mensagem recebida via Kafka: Operação=multiplication | a=21 | b=17 | Resultado=357
2025-03-05T00:41:15.472Z  INFO 1 --- [http-nio-8081-exec-3] com.wit.calculator.CalculatorService     : Calculando multiplicação: 21 * 17
2025-03-05T00:41:15.474Z  INFO 1 --- [http-nio-8081-exec-3] com.wit.rest.CalculatorController        : UUID=6e290673-08a2-4f64-b14f-a5adc948dbff | Operação=multiplication | a=21 | b=17 | Resultado=357
2025-03-05T00:41:15.549Z  INFO 1 --- [org.springframework.kafka.KafkaListenerEndpointContainer#0-0-C-1] com.wit.rest.kafka.OperationConsumer     : UUID=6e290673-08a2-4f64-b14f-a5adc948dbff | Mensagem recebida via Kafka: Operação=multiplication | a=21 | b=17 | Resultado=357
2025-03-05T00:41:16.400Z  INFO 1 --- [http-nio-8081-exec-4] com.wit.calculator.CalculatorService     : Calculando multiplicação: 21 * 17
2025-03-05T00:41:16.401Z  INFO 1 --- [http-nio-8081-exec-4] com.wit.rest.CalculatorController        : UUID=a6911852-d18f-4865-bed9-ff28263fa6d2 | Operação=multiplication | a=21 | b=17 | Resultado=357
2025-03-05T00:41:16.436Z  INFO 1 --- [org.springframework.kafka.KafkaListenerEndpointContainer#0-0-C-1] com.wit.rest.kafka.OperationConsumer     : UUID=a6911852-d18f-4865-bed9-ff28263fa6d2 | Mensagem recebida via Kafka: Operação=multiplication | a=21 | b=17 | Resultado=357
2025-03-05T00:41:17.367Z  INFO 1 --- [http-nio-8081-exec-6] com.wit.calculator.CalculatorService     : Calculando multiplicação: 21 * 17
2025-03-05T00:41:17.382Z  INFO 1 --- [http-nio-8081-exec-6] com.wit.rest.CalculatorController        : UUID=6522fd3d-a401-4431-bb85-18958963a3ea | Operação=multiplication | a=21 | b=17 | Resultado=357
2025-03-05T00:41:17.481Z  INFO 1 --- [org.springframework.kafka.KafkaListenerEndpointContainer#0-0-C-1] com.wit.rest.kafka.OperationConsumer     : UUID=6522fd3d-a401-4431-bb85-18958963a3ea | Mensagem recebida via Kafka: Operação=multiplication | a=21 | b=17 | Resultado=357
2025-03-05T00:42:28.826Z  INFO 1 --- [http-nio-8081-exec-7] com.wit.calculator.CalculatorService     : Calculando multiplicação: 21 * 17
2025-03-05T00:42:28.832Z  INFO 1 --- [http-nio-8081-exec-7] com.wit.rest.CalculatorController        : UUID=9067e264-158d-40d6-a51f-e595ee12334b | Operação=multiplication | a=21 | b=17 | Resultado=357
2025-03-05T00:42:28.870Z  INFO 1 --- [org.springframework.kafka.KafkaListenerEndpointContainer#0-0-C-1] com.wit.rest.kafka.OperationConsumer     : UUID=9067e264-158d-40d6-a51f-e595ee12334b | Mensagem recebida via Kafka: Operação=multiplication | a=21 | b=17 | Resultado=357
2025-03-05T00:42:32.673Z  INFO 1 --- [http-nio-8081-exec-8] com.wit.calculator.CalculatorService     : Calculando multiplicação: 21 * 17
2025-03-05T00:42:32.676Z  INFO 1 --- [http-nio-8081-exec-8] com.wit.rest.CalculatorController        : UUID=1c349855-e67c-4f44-a1e8-b1d3cf4ebd8c | Operação=multiplication | a=21 | b=17 | Resultado=357
2025-03-05T00:42:32.698Z  INFO 1 --- [org.springframework.kafka.KafkaListenerEndpointContainer#0-0-C-1] com.wit.rest.kafka.OperationConsumer     : UUID=1c349855-e67c-4f44-a1e8-b1d3cf4ebd8c | Mensagem recebida via Kafka: Operação=multiplication | a=21 | b=17 | Resultado=357
2025-03-05T00:42:39.873Z  INFO 1 --- [http-nio-8081-exec-9] com.wit.calculator.CalculatorService     : Calculando multiplicação: 21 * 17
2025-03-05T00:42:39.877Z  INFO 1 --- [http-nio-8081-exec-9] com.wit.rest.CalculatorController        : UUID=5b1019ba-ad6e-4dbe-ba7f-b8f5c2efe6af | Operação=multiplication | a=21 | b=17 | Resultado=357
2025-03-05T00:42:39.897Z  INFO 1 --- [org.springframework.kafka.KafkaListenerEndpointContainer#0-0-C-1] com.wit.rest.kafka.OperationConsumer     : UUID=5b1019ba-ad6e-4dbe-ba7f-b8f5c2efe6af | Mensagem recebida via Kafka: Operação=multiplication | a=21 | b=17 | Resultado=357
2025-03-05T00:42:41.263Z  INFO 1 --- [http-nio-8081-exec-2] com.wit.calculator.CalculatorService     : Calculando multiplicação: 21 * 17
2025-03-05T00:42:41.265Z  INFO 1 --- [http-nio-8081-exec-2] com.wit.rest.CalculatorController        : UUID=3e1aab86-beee-4220-a15f-ff320bd66649 | Operação=multiplication | a=21 | b=17 | Resultado=357
2025-03-05T00:42:41.288Z  INFO 1 --- [org.springframework.kafka.KafkaListenerEndpointContainer#0-0-C-1] com.wit.rest.kafka.OperationConsumer     : UUID=3e1aab86-beee-4220-a15f-ff320bd66649 | Mensagem recebida via Kafka: Operação=multiplication | a=21 | b=17 | Resultado=357
2025-03-05T00:43:53.822Z  INFO 1 --- [org.springframework.kafka.KafkaListenerEndpointContainer#0-0-C-1] k.c.c.i.ConsumerRebalanceListenerInvoker : [Consumer clientId=consumer-calc-group-1, groupId=calc-group] Revoke previously assigned partitions calc-requests-0
2025-03-05T00:43:53.825Z  INFO 1 --- [org.springframework.kafka.KafkaListenerEndpointContainer#0-0-C-1] o.s.k.l.KafkaMessageListenerContainer    : calc-group: partitions revoked: [calc-requests-0]
2025-03-05T00:43:53.828Z  INFO 1 --- [org.springframework.kafka.KafkaListenerEndpointContainer#0-0-C-1] o.a.k.c.c.internals.ConsumerCoordinator  : [Consumer clientId=consumer-calc-group-1, groupId=calc-group] Member consumer-calc-group-1-91352660-6486-48ed-9fcf-41ee3f829b1a sending LeaveGroup request to coordinator kafka:9092 (id: 2147483646 rack: null) due to the consumer unsubscribed from all topics
2025-03-05T00:43:53.832Z  INFO 1 --- [org.springframework.kafka.KafkaListenerEndpointContainer#0-0-C-1] o.a.k.c.c.internals.ConsumerCoordinator  : [Consumer clientId=consumer-calc-group-1, groupId=calc-group] Resetting generation and member id due to: consumer pro-actively leaving the group
2025-03-05T00:43:53.834Z  INFO 1 --- [org.springframework.kafka.KafkaListenerEndpointContainer#0-0-C-1] o.a.k.c.c.internals.ConsumerCoordinator  : [Consumer clientId=consumer-calc-group-1, groupId=calc-group] Request joining group due to: consumer pro-actively leaving the group
2025-03-05T00:43:53.836Z  INFO 1 --- [org.springframework.kafka.KafkaListenerEndpointContainer#0-0-C-1] o.a.k.c.c.internals.LegacyKafkaConsumer  : [Consumer clientId=consumer-calc-group-1, groupId=calc-group] Unsubscribed all topics or patterns and assigned partitions
2025-03-05T00:43:53.842Z  INFO 1 --- [org.springframework.kafka.KafkaListenerEndpointContainer#0-0-C-1] o.a.k.c.c.internals.ConsumerCoordinator  : [Consumer clientId=consumer-calc-group-1, groupId=calc-group] Resetting generation and member id due to: consumer pro-actively leaving the group
2025-03-05T00:43:53.843Z  INFO 1 --- [org.springframework.kafka.KafkaListenerEndpointContainer#0-0-C-1] o.a.k.c.c.internals.ConsumerCoordinator  : [Consumer clientId=consumer-calc-group-1, groupId=calc-group] Request joining group due to: consumer pro-actively leaving the group
2025-03-05T00:43:54.241Z  INFO 1 --- [org.springframework.kafka.KafkaListenerEndpointContainer#0-0-C-1] o.apache.kafka.common.metrics.Metrics    : Metrics scheduler closed
2025-03-05T00:43:54.242Z  INFO 1 --- [org.springframework.kafka.KafkaListenerEndpointContainer#0-0-C-1] o.apache.kafka.common.metrics.Metrics    : Closing reporter org.apache.kafka.common.metrics.JmxReporter
2025-03-05T00:43:54.244Z  INFO 1 --- [org.springframework.kafka.KafkaListenerEndpointContainer#0-0-C-1] o.apache.kafka.common.metrics.Metrics    : Closing reporter org.apache.kafka.common.telemetry.internals.ClientTelemetryReporter
2025-03-05T00:43:54.247Z  INFO 1 --- [org.springframework.kafka.KafkaListenerEndpointContainer#0-0-C-1] o.apache.kafka.common.metrics.Metrics    : Metrics reporters closed
2025-03-05T00:43:54.270Z  INFO 1 --- [org.springframework.kafka.KafkaListenerEndpointContainer#0-0-C-1] o.a.kafka.common.utils.AppInfoParser     : App info kafka.consumer for consumer-calc-group-1 unregistered
2025-03-05T00:43:54.275Z  INFO 1 --- [org.springframework.kafka.KafkaListenerEndpointContainer#0-0-C-1] o.s.k.l.KafkaMessageListenerContainer    : calc-group: Consumer stopped
2025-03-05T00:43:54.285Z  INFO 1 --- [SpringApplicationShutdownHook] o.s.b.w.e.tomcat.GracefulShutdown        : Commencing graceful shutdown. Waiting for active requests to complete
2025-03-05T00:43:54.323Z  INFO 1 --- [tomcat-shutdown] o.s.b.w.e.tomcat.GracefulShutdown        : Graceful shutdown complete
2025-03-05T00:43:54.340Z  INFO 1 --- [SpringApplicationShutdownHook] o.a.k.clients.producer.KafkaProducer     : [Producer clientId=producer-1] Closing the Kafka producer with timeoutMillis = 30000 ms.
2025-03-05T00:43:54.377Z  INFO 1 --- [SpringApplicationShutdownHook] o.apache.kafka.common.metrics.Metrics    : Metrics scheduler closed
2025-03-05T00:43:54.384Z  INFO 1 --- [SpringApplicationShutdownHook] o.apache.kafka.common.metrics.Metrics    : Closing reporter org.apache.kafka.common.metrics.JmxReporter
2025-03-05T00:43:54.387Z  INFO 1 --- [SpringApplicationShutdownHook] o.apache.kafka.common.metrics.Metrics    : Closing reporter org.apache.kafka.common.telemetry.internals.ClientTelemetryReporter
2025-03-05T00:43:54.393Z  INFO 1 --- [SpringApplicationShutdownHook] o.apache.kafka.common.metrics.Metrics    : Metrics reporters closed
2025-03-05T00:43:54.398Z  INFO 1 --- [SpringApplicationShutdownHook] o.a.kafka.common.utils.AppInfoParser     : App info kafka.producer for producer-1 unregistered
2025-03-05T00:49:01.081Z  INFO 1 --- [main] com.wit.rest.CalculatorApiApplication    : Starting CalculatorApiApplication v0.0.1-SNAPSHOT using Java 17.0.2 with PID 1 (/app/app.jar started by root in /app)
2025-03-05T00:49:01.115Z DEBUG 1 --- [main] com.wit.rest.CalculatorApiApplication    : Running with Spring Boot v3.4.3, Spring v6.2.3
2025-03-05T00:49:01.166Z  INFO 1 --- [main] com.wit.rest.CalculatorApiApplication    : No active profile set, falling back to 1 default profile: "default"
2025-03-05T00:49:08.424Z  INFO 1 --- [main] o.s.b.w.embedded.tomcat.TomcatWebServer  : Tomcat initialized with port 8081 (http)
2025-03-05T00:49:08.490Z  INFO 1 --- [main] o.apache.catalina.core.StandardService   : Starting service [Tomcat]
2025-03-05T00:49:08.494Z  INFO 1 --- [main] o.apache.catalina.core.StandardEngine    : Starting Servlet engine: [Apache Tomcat/10.1.36]
2025-03-05T00:49:08.635Z  INFO 1 --- [main] o.a.c.c.C.[Tomcat].[localhost].[/]       : Initializing Spring embedded WebApplicationContext
2025-03-05T00:49:08.637Z  INFO 1 --- [main] w.s.c.ServletWebServerApplicationContext : Root WebApplicationContext: initialization completed in 6962 ms
2025-03-05T00:49:11.413Z  INFO 1 --- [main] o.s.b.w.embedded.tomcat.TomcatWebServer  : Tomcat started on port 8081 (http) with context path '/'
2025-03-05T00:49:11.613Z  INFO 1 --- [main] o.a.k.clients.consumer.ConsumerConfig    : ConsumerConfig values: 
	allow.auto.create.topics = true
	auto.commit.interval.ms = 5000
	auto.include.jmx.reporter = true
	auto.offset.reset = latest
	bootstrap.servers = [kafka:9092]
	check.crcs = true
	client.dns.lookup = use_all_dns_ips
	client.id = consumer-calc-group-1
	client.rack = 
	connections.max.idle.ms = 540000
	default.api.timeout.ms = 60000
	enable.auto.commit = false
	enable.metrics.push = true
	exclude.internal.topics = true
	fetch.max.bytes = 52428800
	fetch.max.wait.ms = 500
	fetch.min.bytes = 1
	group.id = calc-group
	group.instance.id = null
	group.protocol = classic
	group.remote.assignor = null
	heartbeat.interval.ms = 3000
	interceptor.classes = []
	internal.leave.group.on.close = true
	internal.throw.on.fetch.stable.offset.unsupported = false
	isolation.level = read_uncommitted
	key.deserializer = class org.apache.kafka.common.serialization.StringDeserializer
	max.partition.fetch.bytes = 1048576
	max.poll.interval.ms = 300000
	max.poll.records = 500
	metadata.max.age.ms = 300000
	metadata.recovery.strategy = none
	metric.reporters = []
	metrics.num.samples = 2
	metrics.recording.level = INFO
	metrics.sample.window.ms = 30000
	partition.assignment.strategy = [class org.apache.kafka.clients.consumer.RangeAssignor, class org.apache.kafka.clients.consumer.CooperativeStickyAssignor]
	receive.buffer.bytes = 65536
	reconnect.backoff.max.ms = 1000
	reconnect.backoff.ms = 50
	request.timeout.ms = 30000
	retry.backoff.max.ms = 1000
	retry.backoff.ms = 100
	sasl.client.callback.handler.class = null
	sasl.jaas.config = null
	sasl.kerberos.kinit.cmd = /usr/bin/kinit
	sasl.kerberos.min.time.before.relogin = 60000
	sasl.kerberos.service.name = null
	sasl.kerberos.ticket.renew.jitter = 0.05
	sasl.kerberos.ticket.renew.window.factor = 0.8
	sasl.login.callback.handler.class = null
	sasl.login.class = null
	sasl.login.connect.timeout.ms = null
	sasl.login.read.timeout.ms = null
	sasl.login.refresh.buffer.seconds = 300
	sasl.login.refresh.min.period.seconds = 60
	sasl.login.refresh.window.factor = 0.8
	sasl.login.refresh.window.jitter = 0.05
	sasl.login.retry.backoff.max.ms = 10000
	sasl.login.retry.backoff.ms = 100
	sasl.mechanism = GSSAPI
	sasl.oauthbearer.clock.skew.seconds = 30
	sasl.oauthbearer.expected.audience = null
	sasl.oauthbearer.expected.issuer = null
	sasl.oauthbearer.jwks.endpoint.refresh.ms = 3600000
	sasl.oauthbearer.jwks.endpoint.retry.backoff.max.ms = 10000
	sasl.oauthbearer.jwks.endpoint.retry.backoff.ms = 100
	sasl.oauthbearer.jwks.endpoint.url = null
	sasl.oauthbearer.scope.claim.name = scope
	sasl.oauthbearer.sub.claim.name = sub
	sasl.oauthbearer.token.endpoint.url = null
	security.protocol = PLAINTEXT
	security.providers = null
	send.buffer.bytes = 131072
	session.timeout.ms = 45000
	socket.connection.setup.timeout.max.ms = 30000
	socket.connection.setup.timeout.ms = 10000
	ssl.cipher.suites = null
	ssl.enabled.protocols = [TLSv1.2, TLSv1.3]
	ssl.endpoint.identification.algorithm = https
	ssl.engine.factory.class = null
	ssl.key.password = null
	ssl.keymanager.algorithm = SunX509
	ssl.keystore.certificate.chain = null
	ssl.keystore.key = null
	ssl.keystore.location = null
	ssl.keystore.password = null
	ssl.keystore.type = JKS
	ssl.protocol = TLSv1.3
	ssl.provider = null
	ssl.secure.random.implementation = null
	ssl.trustmanager.algorithm = PKIX
	ssl.truststore.certificates = null
	ssl.truststore.location = null
	ssl.truststore.password = null
	ssl.truststore.type = JKS
	value.deserializer = class org.springframework.kafka.support.serializer.JsonDeserializer

2025-03-05T00:49:11.826Z  INFO 1 --- [main] o.a.k.c.t.i.KafkaMetricsCollector        : initializing Kafka metrics collector
2025-03-05T00:49:12.748Z  INFO 1 --- [main] o.a.kafka.common.utils.AppInfoParser     : Kafka version: 3.8.1
2025-03-05T00:49:12.764Z  INFO 1 --- [main] o.a.kafka.common.utils.AppInfoParser     : Kafka commitId: 70d6ff42debf7e17
2025-03-05T00:49:12.771Z  INFO 1 --- [main] o.a.kafka.common.utils.AppInfoParser     : Kafka startTimeMs: 1741135752732
2025-03-05T00:49:12.826Z  INFO 1 --- [main] o.a.k.c.c.internals.LegacyKafkaConsumer  : [Consumer clientId=consumer-calc-group-1, groupId=calc-group] Subscribed to topic(s): calc-requests
2025-03-05T00:49:12.986Z  INFO 1 --- [main] com.wit.rest.CalculatorApiApplication    : Started CalculatorApiApplication in 23.479 seconds (process running for 27.618)
2025-03-05T00:49:14.783Z  INFO 1 --- [org.springframework.kafka.KafkaListenerEndpointContainer#0-0-C-1] org.apache.kafka.clients.Metadata        : [Consumer clientId=consumer-calc-group-1, groupId=calc-group] Cluster ID: cFRT4VxfT_K2nnHdjQZ3oQ
2025-03-05T00:49:14.790Z  INFO 1 --- [org.springframework.kafka.KafkaListenerEndpointContainer#0-0-C-1] o.a.k.c.c.internals.ConsumerCoordinator  : [Consumer clientId=consumer-calc-group-1, groupId=calc-group] Discovered group coordinator kafka:9092 (id: 2147483646 rack: null)
2025-03-05T00:49:14.810Z  INFO 1 --- [org.springframework.kafka.KafkaListenerEndpointContainer#0-0-C-1] o.a.k.c.c.internals.ConsumerCoordinator  : [Consumer clientId=consumer-calc-group-1, groupId=calc-group] (Re-)joining group
2025-03-05T00:49:14.865Z  INFO 1 --- [org.springframework.kafka.KafkaListenerEndpointContainer#0-0-C-1] o.a.k.c.c.internals.ConsumerCoordinator  : [Consumer clientId=consumer-calc-group-1, groupId=calc-group] Request joining group due to: need to re-join with the given member-id: consumer-calc-group-1-b9aa39c1-4f61-4814-8ec6-a6989a5d217a
2025-03-05T00:49:14.871Z  INFO 1 --- [org.springframework.kafka.KafkaListenerEndpointContainer#0-0-C-1] o.a.k.c.c.internals.ConsumerCoordinator  : [Consumer clientId=consumer-calc-group-1, groupId=calc-group] (Re-)joining group
2025-03-05T00:49:17.811Z  INFO 1 --- [http-nio-8081-exec-1] o.a.c.c.C.[Tomcat].[localhost].[/]       : Initializing Spring DispatcherServlet 'dispatcherServlet'
2025-03-05T00:49:17.814Z  INFO 1 --- [http-nio-8081-exec-1] o.s.web.servlet.DispatcherServlet        : Initializing Servlet 'dispatcherServlet'
2025-03-05T00:49:17.819Z  INFO 1 --- [http-nio-8081-exec-1] o.s.web.servlet.DispatcherServlet        : Completed initialization in 4 ms
2025-03-05T00:49:17.850Z  INFO 1 --- [org.springframework.kafka.KafkaListenerEndpointContainer#0-0-C-1] o.a.k.c.c.internals.ConsumerCoordinator  : [Consumer clientId=consumer-calc-group-1, groupId=calc-group] Successfully joined group with generation Generation{generationId=8, memberId='consumer-calc-group-1-b9aa39c1-4f61-4814-8ec6-a6989a5d217a', protocol='range'}
2025-03-05T00:49:17.949Z  INFO 1 --- [org.springframework.kafka.KafkaListenerEndpointContainer#0-0-C-1] o.a.k.c.c.internals.ConsumerCoordinator  : [Consumer clientId=consumer-calc-group-1, groupId=calc-group] Successfully synced group in generation Generation{generationId=8, memberId='consumer-calc-group-1-b9aa39c1-4f61-4814-8ec6-a6989a5d217a', protocol='range'}
2025-03-05T00:49:17.968Z  INFO 1 --- [org.springframework.kafka.KafkaListenerEndpointContainer#0-0-C-1] o.a.k.c.c.internals.ConsumerCoordinator  : [Consumer clientId=consumer-calc-group-1, groupId=calc-group] Notifying assignor about the new Assignment(partitions=[])
2025-03-05T00:49:17.971Z  INFO 1 --- [org.springframework.kafka.KafkaListenerEndpointContainer#0-0-C-1] k.c.c.i.ConsumerRebalanceListenerInvoker : [Consumer clientId=consumer-calc-group-1, groupId=calc-group] Adding newly assigned partitions: 
2025-03-05T00:49:17.979Z  INFO 1 --- [org.springframework.kafka.KafkaListenerEndpointContainer#0-0-C-1] o.s.k.l.KafkaMessageListenerContainer    : calc-group: partitions assigned: []
2025-03-05T00:49:18.061Z  INFO 1 --- [http-nio-8081-exec-1] com.wit.calculator.CalculatorService     : Calculando multiplicação: 21 * 17
2025-03-05T00:49:18.063Z  INFO 1 --- [http-nio-8081-exec-1] com.wit.rest.CalculatorController        : UUID=9ae24927-f2d6-4217-8095-db8fd89f7446 | Operação=multiplication | a=21 | b=17 | Resultado=357
2025-03-05T00:49:18.114Z  INFO 1 --- [http-nio-8081-exec-1] o.a.k.clients.producer.ProducerConfig    : ProducerConfig values: 
	acks = -1
	auto.include.jmx.reporter = true
	batch.size = 16384
	bootstrap.servers = [kafka:9092]
	buffer.memory = 33554432
	client.dns.lookup = use_all_dns_ips
	client.id = producer-1
	compression.gzip.level = -1
	compression.lz4.level = 9
	compression.type = none
	compression.zstd.level = 3
	connections.max.idle.ms = 540000
	delivery.timeout.ms = 120000
	enable.idempotence = true
	enable.metrics.push = true
	interceptor.classes = []
	key.serializer = class org.apache.kafka.common.serialization.StringSerializer
	linger.ms = 0
	max.block.ms = 60000
	max.in.flight.requests.per.connection = 5
	max.request.size = 1048576
	metadata.max.age.ms = 300000
	metadata.max.idle.ms = 300000
	metadata.recovery.strategy = none
	metric.reporters = []
	metrics.num.samples = 2
	metrics.recording.level = INFO
	metrics.sample.window.ms = 30000
	partitioner.adaptive.partitioning.enable = true
	partitioner.availability.timeout.ms = 0
	partitioner.class = null
	partitioner.ignore.keys = false
	receive.buffer.bytes = 32768
	reconnect.backoff.max.ms = 1000
	reconnect.backoff.ms = 50
	request.timeout.ms = 30000
	retries = 2147483647
	retry.backoff.max.ms = 1000
	retry.backoff.ms = 100
	sasl.client.callback.handler.class = null
	sasl.jaas.config = null
	sasl.kerberos.kinit.cmd = /usr/bin/kinit
	sasl.kerberos.min.time.before.relogin = 60000
	sasl.kerberos.service.name = null
	sasl.kerberos.ticket.renew.jitter = 0.05
	sasl.kerberos.ticket.renew.window.factor = 0.8
	sasl.login.callback.handler.class = null
	sasl.login.class = null
	sasl.login.connect.timeout.ms = null
	sasl.login.read.timeout.ms = null
	sasl.login.refresh.buffer.seconds = 300
	sasl.login.refresh.min.period.seconds = 60
	sasl.login.refresh.window.factor = 0.8
	sasl.login.refresh.window.jitter = 0.05
	sasl.login.retry.backoff.max.ms = 10000
	sasl.login.retry.backoff.ms = 100
	sasl.mechanism = GSSAPI
	sasl.oauthbearer.clock.skew.seconds = 30
	sasl.oauthbearer.expected.audience = null
	sasl.oauthbearer.expected.issuer = null
	sasl.oauthbearer.jwks.endpoint.refresh.ms = 3600000
	sasl.oauthbearer.jwks.endpoint.retry.backoff.max.ms = 10000
	sasl.oauthbearer.jwks.endpoint.retry.backoff.ms = 100
	sasl.oauthbearer.jwks.endpoint.url = null
	sasl.oauthbearer.scope.claim.name = scope
	sasl.oauthbearer.sub.claim.name = sub
	sasl.oauthbearer.token.endpoint.url = null
	security.protocol = PLAINTEXT
	security.providers = null
	send.buffer.bytes = 131072
	socket.connection.setup.timeout.max.ms = 30000
	socket.connection.setup.timeout.ms = 10000
	ssl.cipher.suites = null
	ssl.enabled.protocols = [TLSv1.2, TLSv1.3]
	ssl.endpoint.identification.algorithm = https
	ssl.engine.factory.class = null
	ssl.key.password = null
	ssl.keymanager.algorithm = SunX509
	ssl.keystore.certificate.chain = null
	ssl.keystore.key = null
	ssl.keystore.location = null
	ssl.keystore.password = null
	ssl.keystore.type = JKS
	ssl.protocol = TLSv1.3
	ssl.provider = null
	ssl.secure.random.implementation = null
	ssl.trustmanager.algorithm = PKIX
	ssl.truststore.certificates = null
	ssl.truststore.location = null
	ssl.truststore.password = null
	ssl.truststore.type = JKS
	transaction.timeout.ms = 60000
	transactional.id = null
	value.serializer = class org.springframework.kafka.support.serializer.JsonSerializer

2025-03-05T00:49:18.136Z  INFO 1 --- [http-nio-8081-exec-1] o.a.k.c.t.i.KafkaMetricsCollector        : initializing Kafka metrics collector
2025-03-05T00:49:18.193Z  INFO 1 --- [http-nio-8081-exec-1] o.a.k.clients.producer.KafkaProducer     : [Producer clientId=producer-1] Instantiated an idempotent producer.
2025-03-05T00:49:18.280Z  INFO 1 --- [http-nio-8081-exec-1] o.a.kafka.common.utils.AppInfoParser     : Kafka version: 3.8.1
2025-03-05T00:49:18.286Z  INFO 1 --- [http-nio-8081-exec-1] o.a.kafka.common.utils.AppInfoParser     : Kafka commitId: 70d6ff42debf7e17
2025-03-05T00:49:18.293Z  INFO 1 --- [http-nio-8081-exec-1] o.a.kafka.common.utils.AppInfoParser     : Kafka startTimeMs: 1741135758280
2025-03-05T00:49:18.323Z  INFO 1 --- [kafka-producer-network-thread | producer-1] org.apache.kafka.clients.Metadata        : [Producer clientId=producer-1] Cluster ID: cFRT4VxfT_K2nnHdjQZ3oQ
2025-03-05T00:49:18.334Z  INFO 1 --- [kafka-producer-network-thread | producer-1] o.a.k.c.p.internals.TransactionManager   : [Producer clientId=producer-1] ProducerId set to 2001 with epoch 0
2025-03-05T00:52:14.532Z  INFO 1 --- [http-nio-8081-exec-3] com.wit.calculator.CalculatorService     : Calculando soma: 5 + 3
2025-03-05T00:52:14.536Z  INFO 1 --- [http-nio-8081-exec-3] com.wit.rest.CalculatorController        : UUID=4a42c496-8e29-43fb-ba14-023be03f377e | Operação=sum | a=5 | b=3 | Resultado=8
2025-03-05T00:58:14.810Z  INFO 1 --- [org.springframework.kafka.KafkaListenerEndpointContainer#0-0-C-1] org.apache.kafka.clients.NetworkClient   : [Consumer clientId=consumer-calc-group-1, groupId=calc-group] Node -1 disconnected.
2025-03-05T00:58:18.468Z  INFO 1 --- [kafka-producer-network-thread | producer-1] org.apache.kafka.clients.NetworkClient   : [Producer clientId=producer-1] Node -1 disconnected.
2025-03-05T01:05:05.440Z ERROR 1 --- [http-nio-8081-exec-5] com.wit.calculator.CalculatorService     : Tentativa de divisão por zero: 21 / 0
2025-03-05T01:05:05.445Z ERROR 1 --- [http-nio-8081-exec-5] com.wit.rest.CalculatorController        : Erro UUID=cb1c85e1-5cce-4b71-8f6d-aea435c32a3c | Operação=division | a=21 | b=0 | Erro=Divisão por zero não permitida.
2025-03-05T01:08:14.821Z  INFO 1 --- [org.springframework.kafka.KafkaListenerEndpointContainer#0-0-C-1] org.apache.kafka.clients.NetworkClient   : [Consumer clientId=consumer-calc-group-1, groupId=calc-group] Node -1 disconnected.
2025-03-05T01:08:18.491Z  INFO 1 --- [kafka-producer-network-thread | producer-1] org.apache.kafka.clients.NetworkClient   : [Producer clientId=producer-1] Node -1 disconnected.
2025-03-05T01:19:55.148Z  INFO 1 --- [org.springframework.kafka.KafkaListenerEndpointContainer#0-0-C-1] o.a.k.c.c.internals.ConsumerCoordinator  : [Consumer clientId=consumer-calc-group-1, groupId=calc-group] Member consumer-calc-group-1-b9aa39c1-4f61-4814-8ec6-a6989a5d217a sending LeaveGroup request to coordinator kafka:9092 (id: 2147483646 rack: null) due to the consumer unsubscribed from all topics
2025-03-05T01:19:55.227Z  INFO 1 --- [org.springframework.kafka.KafkaListenerEndpointContainer#0-0-C-1] o.a.k.c.c.internals.ConsumerCoordinator  : [Consumer clientId=consumer-calc-group-1, groupId=calc-group] Resetting generation and member id due to: consumer pro-actively leaving the group
2025-03-05T01:19:55.251Z  INFO 1 --- [org.springframework.kafka.KafkaListenerEndpointContainer#0-0-C-1] o.a.k.c.c.internals.ConsumerCoordinator  : [Consumer clientId=consumer-calc-group-1, groupId=calc-group] Request joining group due to: consumer pro-actively leaving the group
2025-03-05T01:19:55.254Z  INFO 1 --- [org.springframework.kafka.KafkaListenerEndpointContainer#0-0-C-1] o.a.k.c.c.internals.LegacyKafkaConsumer  : [Consumer clientId=consumer-calc-group-1, groupId=calc-group] Unsubscribed all topics or patterns and assigned partitions
2025-03-05T01:19:55.371Z  INFO 1 --- [org.springframework.kafka.KafkaListenerEndpointContainer#0-0-C-1] o.a.k.c.c.internals.ConsumerCoordinator  : [Consumer clientId=consumer-calc-group-1, groupId=calc-group] Resetting generation and member id due to: consumer pro-actively leaving the group
2025-03-05T01:19:55.373Z  INFO 1 --- [org.springframework.kafka.KafkaListenerEndpointContainer#0-0-C-1] o.a.k.c.c.internals.ConsumerCoordinator  : [Consumer clientId=consumer-calc-group-1, groupId=calc-group] Request joining group due to: consumer pro-actively leaving the group
2025-03-05T01:19:55.524Z  INFO 1 --- [org.springframework.kafka.KafkaListenerEndpointContainer#0-0-C-1] o.apache.kafka.common.metrics.Metrics    : Metrics scheduler closed
2025-03-05T01:19:55.529Z  INFO 1 --- [org.springframework.kafka.KafkaListenerEndpointContainer#0-0-C-1] o.apache.kafka.common.metrics.Metrics    : Closing reporter org.apache.kafka.common.metrics.JmxReporter
2025-03-05T01:19:55.535Z  INFO 1 --- [org.springframework.kafka.KafkaListenerEndpointContainer#0-0-C-1] o.apache.kafka.common.metrics.Metrics    : Closing reporter org.apache.kafka.common.telemetry.internals.ClientTelemetryReporter
2025-03-05T01:19:55.543Z  INFO 1 --- [org.springframework.kafka.KafkaListenerEndpointContainer#0-0-C-1] o.apache.kafka.common.metrics.Metrics    : Metrics reporters closed
2025-03-05T01:19:55.720Z  INFO 1 --- [org.springframework.kafka.KafkaListenerEndpointContainer#0-0-C-1] o.a.kafka.common.utils.AppInfoParser     : App info kafka.consumer for consumer-calc-group-1 unregistered
2025-03-05T01:19:55.763Z  INFO 1 --- [org.springframework.kafka.KafkaListenerEndpointContainer#0-0-C-1] o.s.k.l.KafkaMessageListenerContainer    : calc-group: Consumer stopped
2025-03-05T01:19:55.807Z  INFO 1 --- [SpringApplicationShutdownHook] o.s.b.w.e.tomcat.GracefulShutdown        : Commencing graceful shutdown. Waiting for active requests to complete
2025-03-05T01:19:55.960Z  INFO 1 --- [tomcat-shutdown] o.s.b.w.e.tomcat.GracefulShutdown        : Graceful shutdown complete
2025-03-05T01:19:56.004Z  INFO 1 --- [SpringApplicationShutdownHook] o.a.k.clients.producer.KafkaProducer     : [Producer clientId=producer-1] Closing the Kafka producer with timeoutMillis = 30000 ms.
2025-03-05T01:19:56.052Z  INFO 1 --- [SpringApplicationShutdownHook] o.apache.kafka.common.metrics.Metrics    : Metrics scheduler closed
2025-03-05T01:19:56.054Z  INFO 1 --- [SpringApplicationShutdownHook] o.apache.kafka.common.metrics.Metrics    : Closing reporter org.apache.kafka.common.metrics.JmxReporter
2025-03-05T01:19:56.057Z  INFO 1 --- [SpringApplicationShutdownHook] o.apache.kafka.common.metrics.Metrics    : Closing reporter org.apache.kafka.common.telemetry.internals.ClientTelemetryReporter
2025-03-05T01:19:56.062Z  INFO 1 --- [SpringApplicationShutdownHook] o.apache.kafka.common.metrics.Metrics    : Metrics reporters closed
2025-03-05T01:19:56.073Z  INFO 1 --- [SpringApplicationShutdownHook] o.a.kafka.common.utils.AppInfoParser     : App info kafka.producer for producer-1 unregistered
2025-03-05T01:21:25.034Z  INFO 1 --- [main] com.wit.rest.CalculatorApiApplication    : Starting CalculatorApiApplication v0.0.1-SNAPSHOT using Java 17.0.2 with PID 1 (/app/app.jar started by root in /app)
2025-03-05T01:21:25.051Z DEBUG 1 --- [main] com.wit.rest.CalculatorApiApplication    : Running with Spring Boot v3.4.3, Spring v6.2.3
2025-03-05T01:21:25.068Z  INFO 1 --- [main] com.wit.rest.CalculatorApiApplication    : No active profile set, falling back to 1 default profile: "default"
2025-03-05T01:21:36.627Z  INFO 1 --- [main] o.s.b.w.embedded.tomcat.TomcatWebServer  : Tomcat initialized with port 8081 (http)
2025-03-05T01:21:36.996Z  INFO 1 --- [main] w.s.c.ServletWebServerApplicationContext : Root WebApplicationContext: initialization completed in 11272 ms
2025-03-05T01:54:53.108Z  INFO 1 --- [main] com.wit.rest.CalculatorApiApplication    : Starting CalculatorApiApplication v0.0.1-SNAPSHOT using Java 17.0.2 with PID 1 (/app/app.jar started by root in /app)
2025-03-05T01:54:53.135Z DEBUG 1 --- [main] com.wit.rest.CalculatorApiApplication    : Running with Spring Boot v3.4.3, Spring v6.2.3
2025-03-05T01:54:53.150Z  INFO 1 --- [main] com.wit.rest.CalculatorApiApplication    : No active profile set, falling back to 1 default profile: "default"
2025-03-05T01:55:06.403Z  INFO 1 --- [main] o.s.b.w.embedded.tomcat.TomcatWebServer  : Tomcat initialized with port 8081 (http)
2025-03-05T01:55:06.541Z  INFO 1 --- [main] o.apache.catalina.core.StandardService   : Starting service [Tomcat]
2025-03-05T01:55:06.556Z  INFO 1 --- [main] o.apache.catalina.core.StandardEngine    : Starting Servlet engine: [Apache Tomcat/10.1.36]
2025-03-05T01:55:06.725Z  INFO 1 --- [main] o.a.c.c.C.[Tomcat].[localhost].[/]       : Initializing Spring embedded WebApplicationContext
2025-03-05T01:55:06.745Z  INFO 1 --- [main] w.s.c.ServletWebServerApplicationContext : Root WebApplicationContext: initialization completed in 12918 ms
2025-03-05T01:55:15.103Z  INFO 1 --- [main] o.s.b.w.embedded.tomcat.TomcatWebServer  : Tomcat started on port 8081 (http) with context path '/'
2025-03-05T01:55:16.237Z  INFO 1 --- [main] o.a.k.clients.consumer.ConsumerConfig    : ConsumerConfig values: 
	allow.auto.create.topics = true
	auto.commit.interval.ms = 5000
	auto.include.jmx.reporter = true
	auto.offset.reset = latest
	bootstrap.servers = [kafka:9092]
	check.crcs = true
	client.dns.lookup = use_all_dns_ips
	client.id = consumer-calc-group-1
	client.rack = 
	connections.max.idle.ms = 540000
	default.api.timeout.ms = 60000
	enable.auto.commit = false
	enable.metrics.push = true
	exclude.internal.topics = true
	fetch.max.bytes = 52428800
	fetch.max.wait.ms = 500
	fetch.min.bytes = 1
	group.id = calc-group
	group.instance.id = null
	group.protocol = classic
	group.remote.assignor = null
	heartbeat.interval.ms = 3000
	interceptor.classes = []
	internal.leave.group.on.close = true
	internal.throw.on.fetch.stable.offset.unsupported = false
	isolation.level = read_uncommitted
	key.deserializer = class org.apache.kafka.common.serialization.StringDeserializer
	max.partition.fetch.bytes = 1048576
	max.poll.interval.ms = 300000
	max.poll.records = 500
	metadata.max.age.ms = 300000
	metadata.recovery.strategy = none
	metric.reporters = []
	metrics.num.samples = 2
	metrics.recording.level = INFO
	metrics.sample.window.ms = 30000
	partition.assignment.strategy = [class org.apache.kafka.clients.consumer.RangeAssignor, class org.apache.kafka.clients.consumer.CooperativeStickyAssignor]
	receive.buffer.bytes = 65536
	reconnect.backoff.max.ms = 1000
	reconnect.backoff.ms = 50
	request.timeout.ms = 30000
	retry.backoff.max.ms = 1000
	retry.backoff.ms = 100
	sasl.client.callback.handler.class = null
	sasl.jaas.config = null
	sasl.kerberos.kinit.cmd = /usr/bin/kinit
	sasl.kerberos.min.time.before.relogin = 60000
	sasl.kerberos.service.name = null
	sasl.kerberos.ticket.renew.jitter = 0.05
	sasl.kerberos.ticket.renew.window.factor = 0.8
	sasl.login.callback.handler.class = null
	sasl.login.class = null
	sasl.login.connect.timeout.ms = null
	sasl.login.read.timeout.ms = null
	sasl.login.refresh.buffer.seconds = 300
	sasl.login.refresh.min.period.seconds = 60
	sasl.login.refresh.window.factor = 0.8
	sasl.login.refresh.window.jitter = 0.05
	sasl.login.retry.backoff.max.ms = 10000
	sasl.login.retry.backoff.ms = 100
	sasl.mechanism = GSSAPI
	sasl.oauthbearer.clock.skew.seconds = 30
	sasl.oauthbearer.expected.audience = null
	sasl.oauthbearer.expected.issuer = null
	sasl.oauthbearer.jwks.endpoint.refresh.ms = 3600000
	sasl.oauthbearer.jwks.endpoint.retry.backoff.max.ms = 10000
	sasl.oauthbearer.jwks.endpoint.retry.backoff.ms = 100
	sasl.oauthbearer.jwks.endpoint.url = null
	sasl.oauthbearer.scope.claim.name = scope
	sasl.oauthbearer.sub.claim.name = sub
	sasl.oauthbearer.token.endpoint.url = null
	security.protocol = PLAINTEXT
	security.providers = null
	send.buffer.bytes = 131072
	session.timeout.ms = 45000
	socket.connection.setup.timeout.max.ms = 30000
	socket.connection.setup.timeout.ms = 10000
	ssl.cipher.suites = null
	ssl.enabled.protocols = [TLSv1.2, TLSv1.3]
	ssl.endpoint.identification.algorithm = https
	ssl.engine.factory.class = null
	ssl.key.password = null
	ssl.keymanager.algorithm = SunX509
	ssl.keystore.certificate.chain = null
	ssl.keystore.key = null
	ssl.keystore.location = null
	ssl.keystore.password = null
	ssl.keystore.type = JKS
	ssl.protocol = TLSv1.3
	ssl.provider = null
	ssl.secure.random.implementation = null
	ssl.trustmanager.algorithm = PKIX
	ssl.truststore.certificates = null
	ssl.truststore.location = null
	ssl.truststore.password = null
	ssl.truststore.type = JKS
	value.deserializer = class org.springframework.kafka.support.serializer.JsonDeserializer

2025-03-05T01:55:17.060Z  INFO 1 --- [http-nio-8081-exec-1] o.a.c.c.C.[Tomcat].[localhost].[/]       : Initializing Spring DispatcherServlet 'dispatcherServlet'
2025-03-05T01:55:17.107Z  INFO 1 --- [http-nio-8081-exec-1] o.s.web.servlet.DispatcherServlet        : Initializing Servlet 'dispatcherServlet'
2025-03-05T01:55:17.136Z  INFO 1 --- [http-nio-8081-exec-1] o.s.web.servlet.DispatcherServlet        : Completed initialization in 26 ms
2025-03-05T01:55:17.267Z  INFO 1 --- [http-nio-8081-exec-1] c.wit.rest.logging.RequestLoggingFilter  : Iniciando requisição com requestId=3bd4b1ca-4cf3-41a4-a94f-490e5e3b1978
2025-03-05T01:55:18.027Z  INFO 1 --- [main] o.a.k.c.t.i.KafkaMetricsCollector        : initializing Kafka metrics collector
2025-03-05T01:55:18.292Z  INFO 1 --- [http-nio-8081-exec-1] com.wit.calculator.CalculatorService     : Calculando divisão: 21 / 3
2025-03-05T01:55:18.337Z  INFO 1 --- [http-nio-8081-exec-1] com.wit.rest.CalculatorController        : UUID=3c1c60c5-53be-4f82-8271-b4c8c5ea91e9 | Operation=division | a=21 | b=3 | Result=7.0000000000
2025-03-05T01:55:18.610Z  INFO 1 --- [http-nio-8081-exec-1] o.a.k.clients.producer.ProducerConfig    : ProducerConfig values: 
	acks = -1
	auto.include.jmx.reporter = true
	batch.size = 16384
	bootstrap.servers = [kafka:9092]
	buffer.memory = 33554432
	client.dns.lookup = use_all_dns_ips
	client.id = producer-1
	compression.gzip.level = -1
	compression.lz4.level = 9
	compression.type = none
	compression.zstd.level = 3
	connections.max.idle.ms = 540000
	delivery.timeout.ms = 120000
	enable.idempotence = true
	enable.metrics.push = true
	interceptor.classes = []
	key.serializer = class org.apache.kafka.common.serialization.StringSerializer
	linger.ms = 0
	max.block.ms = 60000
	max.in.flight.requests.per.connection = 5
	max.request.size = 1048576
	metadata.max.age.ms = 300000
	metadata.max.idle.ms = 300000
	metadata.recovery.strategy = none
	metric.reporters = []
	metrics.num.samples = 2
	metrics.recording.level = INFO
	metrics.sample.window.ms = 30000
	partitioner.adaptive.partitioning.enable = true
	partitioner.availability.timeout.ms = 0
	partitioner.class = null
	partitioner.ignore.keys = false
	receive.buffer.bytes = 32768
	reconnect.backoff.max.ms = 1000
	reconnect.backoff.ms = 50
	request.timeout.ms = 30000
	retries = 2147483647
	retry.backoff.max.ms = 1000
	retry.backoff.ms = 100
	sasl.client.callback.handler.class = null
	sasl.jaas.config = null
	sasl.kerberos.kinit.cmd = /usr/bin/kinit
	sasl.kerberos.min.time.before.relogin = 60000
	sasl.kerberos.service.name = null
	sasl.kerberos.ticket.renew.jitter = 0.05
	sasl.kerberos.ticket.renew.window.factor = 0.8
	sasl.login.callback.handler.class = null
	sasl.login.class = null
	sasl.login.connect.timeout.ms = null
	sasl.login.read.timeout.ms = null
	sasl.login.refresh.buffer.seconds = 300
	sasl.login.refresh.min.period.seconds = 60
	sasl.login.refresh.window.factor = 0.8
	sasl.login.refresh.window.jitter = 0.05
	sasl.login.retry.backoff.max.ms = 10000
	sasl.login.retry.backoff.ms = 100
	sasl.mechanism = GSSAPI
	sasl.oauthbearer.clock.skew.seconds = 30
	sasl.oauthbearer.expected.audience = null
	sasl.oauthbearer.expected.issuer = null
	sasl.oauthbearer.jwks.endpoint.refresh.ms = 3600000
	sasl.oauthbearer.jwks.endpoint.retry.backoff.max.ms = 10000
	sasl.oauthbearer.jwks.endpoint.retry.backoff.ms = 100
	sasl.oauthbearer.jwks.endpoint.url = null
	sasl.oauthbearer.scope.claim.name = scope
	sasl.oauthbearer.sub.claim.name = sub
	sasl.oauthbearer.token.endpoint.url = null
	security.protocol = PLAINTEXT
	security.providers = null
	send.buffer.bytes = 131072
	socket.connection.setup.timeout.max.ms = 30000
	socket.connection.setup.timeout.ms = 10000
	ssl.cipher.suites = null
	ssl.enabled.protocols = [TLSv1.2, TLSv1.3]
	ssl.endpoint.identification.algorithm = https
	ssl.engine.factory.class = null
	ssl.key.password = null
	ssl.keymanager.algorithm = SunX509
	ssl.keystore.certificate.chain = null
	ssl.keystore.key = null
	ssl.keystore.location = null
	ssl.keystore.password = null
	ssl.keystore.type = JKS
	ssl.protocol = TLSv1.3
	ssl.provider = null
	ssl.secure.random.implementation = null
	ssl.trustmanager.algorithm = PKIX
	ssl.truststore.certificates = null
	ssl.truststore.location = null
	ssl.truststore.password = null
	ssl.truststore.type = JKS
	transaction.timeout.ms = 60000
	transactional.id = null
	value.serializer = class org.springframework.kafka.support.serializer.JsonSerializer

2025-03-05T01:55:19.640Z  INFO 1 --- [http-nio-8081-exec-1] o.a.k.c.t.i.KafkaMetricsCollector        : initializing Kafka metrics collector
2025-03-05T01:55:20.227Z  INFO 1 --- [http-nio-8081-exec-1] o.a.k.clients.producer.KafkaProducer     : [Producer clientId=producer-1] Instantiated an idempotent producer.
2025-03-05T01:55:21.068Z  INFO 1 --- [http-nio-8081-exec-1] o.a.kafka.common.utils.AppInfoParser     : Kafka version: 3.8.1
2025-03-05T01:55:21.101Z  INFO 1 --- [http-nio-8081-exec-1] o.a.kafka.common.utils.AppInfoParser     : Kafka commitId: 70d6ff42debf7e17
2025-03-05T01:55:21.104Z  INFO 1 --- [http-nio-8081-exec-1] o.a.kafka.common.utils.AppInfoParser     : Kafka startTimeMs: 1741139721064
2025-03-05T01:55:21.610Z  INFO 1 --- [main] o.a.kafka.common.utils.AppInfoParser     : Kafka version: 3.8.1
2025-03-05T01:55:21.611Z  INFO 1 --- [main] o.a.kafka.common.utils.AppInfoParser     : Kafka commitId: 70d6ff42debf7e17
2025-03-05T01:55:21.613Z  INFO 1 --- [main] o.a.kafka.common.utils.AppInfoParser     : Kafka startTimeMs: 1741139721609
2025-03-05T01:55:21.677Z  INFO 1 --- [main] o.a.k.c.c.internals.LegacyKafkaConsumer  : [Consumer clientId=consumer-calc-group-1, groupId=calc-group] Subscribed to topic(s): calc-requests
2025-03-05T01:55:22.111Z  INFO 1 --- [main] com.wit.rest.CalculatorApiApplication    : Started CalculatorApiApplication in 35.496 seconds (process running for 39.528)
2025-03-05T01:55:27.185Z  INFO 1 --- [kafka-producer-network-thread | producer-1] org.apache.kafka.clients.Metadata        : [Producer clientId=producer-1] Cluster ID: 5o5e3bFWRTOj7WIqk6dvAA
2025-03-05T01:55:27.223Z  INFO 1 --- [org.springframework.kafka.KafkaListenerEndpointContainer#0-0-C-1] org.apache.kafka.clients.Metadata        : [Consumer clientId=consumer-calc-group-1, groupId=calc-group] Cluster ID: 5o5e3bFWRTOj7WIqk6dvAA
2025-03-05T01:55:27.226Z  INFO 1 --- [kafka-producer-network-thread | producer-1] o.a.k.c.p.internals.TransactionManager   : [Producer clientId=producer-1] ProducerId set to 1 with epoch 0
2025-03-05T01:55:27.252Z  INFO 1 --- [org.springframework.kafka.KafkaListenerEndpointContainer#0-0-C-1] o.a.k.c.c.internals.ConsumerCoordinator  : [Consumer clientId=consumer-calc-group-1, groupId=calc-group] Discovered group coordinator kafka:9092 (id: 2147483646 rack: null)
2025-03-05T01:55:27.285Z  INFO 1 --- [org.springframework.kafka.KafkaListenerEndpointContainer#0-0-C-1] o.a.k.c.c.internals.ConsumerCoordinator  : [Consumer clientId=consumer-calc-group-1, groupId=calc-group] (Re-)joining group
2025-03-05T01:55:27.624Z  INFO 1 --- [http-nio-8081-exec-2] c.wit.rest.logging.RequestLoggingFilter  : Iniciando requisição com requestId=3d1987f9-5b04-416d-b3e3-d0a621834be1
2025-03-05T01:55:27.725Z  INFO 1 --- [http-nio-8081-exec-2] com.wit.calculator.CalculatorService     : Calculando divisão: 21 / 3
2025-03-05T01:55:27.728Z  INFO 1 --- [http-nio-8081-exec-2] com.wit.rest.CalculatorController        : UUID=dcfbd87a-a6c5-4929-939a-c2b37412f4c7 | Operation=division | a=21 | b=3 | Result=7.0000000000
2025-03-05T01:55:28.038Z  INFO 1 --- [org.springframework.kafka.KafkaListenerEndpointContainer#0-0-C-1] o.a.k.c.c.internals.ConsumerCoordinator  : [Consumer clientId=consumer-calc-group-1, groupId=calc-group] Request joining group due to: need to re-join with the given member-id: consumer-calc-group-1-4b728640-8d68-47f3-b259-20fe81cf5d74
2025-03-05T01:55:28.042Z  INFO 1 --- [org.springframework.kafka.KafkaListenerEndpointContainer#0-0-C-1] o.a.k.c.c.internals.ConsumerCoordinator  : [Consumer clientId=consumer-calc-group-1, groupId=calc-group] (Re-)joining group
2025-03-05T01:55:31.138Z  INFO 1 --- [org.springframework.kafka.KafkaListenerEndpointContainer#0-0-C-1] o.a.k.c.c.internals.ConsumerCoordinator  : [Consumer clientId=consumer-calc-group-1, groupId=calc-group] Successfully joined group with generation Generation{generationId=3, memberId='consumer-calc-group-1-4b728640-8d68-47f3-b259-20fe81cf5d74', protocol='range'}
2025-03-05T01:55:31.219Z  INFO 1 --- [org.springframework.kafka.KafkaListenerEndpointContainer#0-0-C-1] o.a.k.c.c.internals.ConsumerCoordinator  : [Consumer clientId=consumer-calc-group-1, groupId=calc-group] Finished assignment for group at generation 3: {consumer-calc-group-1-4b728640-8d68-47f3-b259-20fe81cf5d74=Assignment(partitions=[]), consumer-calc-group-1-0ac787ef-8b9d-4a1b-8386-8cc73d759b0c=Assignment(partitions=[calc-requests-0])}
2025-03-05T01:55:31.307Z  INFO 1 --- [org.springframework.kafka.KafkaListenerEndpointContainer#0-0-C-1] o.a.k.c.c.internals.ConsumerCoordinator  : [Consumer clientId=consumer-calc-group-1, groupId=calc-group] Successfully synced group in generation Generation{generationId=3, memberId='consumer-calc-group-1-4b728640-8d68-47f3-b259-20fe81cf5d74', protocol='range'}
2025-03-05T01:55:31.329Z  INFO 1 --- [org.springframework.kafka.KafkaListenerEndpointContainer#0-0-C-1] o.a.k.c.c.internals.ConsumerCoordinator  : [Consumer clientId=consumer-calc-group-1, groupId=calc-group] Notifying assignor about the new Assignment(partitions=[])
2025-03-05T01:55:31.344Z  INFO 1 --- [org.springframework.kafka.KafkaListenerEndpointContainer#0-0-C-1] k.c.c.i.ConsumerRebalanceListenerInvoker : [Consumer clientId=consumer-calc-group-1, groupId=calc-group] Adding newly assigned partitions: 
2025-03-05T01:55:31.393Z  INFO 1 --- [org.springframework.kafka.KafkaListenerEndpointContainer#0-0-C-1] o.s.k.l.KafkaMessageListenerContainer    : calc-group: partitions assigned: []
2025-03-05T01:57:45.004Z  INFO 1 --- [org.springframework.kafka.KafkaListenerEndpointContainer#0-0-C-1] o.a.k.c.c.internals.ConsumerCoordinator  : [Consumer clientId=consumer-calc-group-1, groupId=calc-group] Member consumer-calc-group-1-4b728640-8d68-47f3-b259-20fe81cf5d74 sending LeaveGroup request to coordinator kafka:9092 (id: 2147483646 rack: null) due to the consumer unsubscribed from all topics
2025-03-05T01:57:45.124Z  INFO 1 --- [org.springframework.kafka.KafkaListenerEndpointContainer#0-0-C-1] o.a.k.c.c.internals.ConsumerCoordinator  : [Consumer clientId=consumer-calc-group-1, groupId=calc-group] Resetting generation and member id due to: consumer pro-actively leaving the group
2025-03-05T01:57:45.129Z  INFO 1 --- [org.springframework.kafka.KafkaListenerEndpointContainer#0-0-C-1] o.a.k.c.c.internals.ConsumerCoordinator  : [Consumer clientId=consumer-calc-group-1, groupId=calc-group] Request joining group due to: consumer pro-actively leaving the group
2025-03-05T01:57:45.131Z  INFO 1 --- [org.springframework.kafka.KafkaListenerEndpointContainer#0-0-C-1] o.a.k.c.c.internals.LegacyKafkaConsumer  : [Consumer clientId=consumer-calc-group-1, groupId=calc-group] Unsubscribed all topics or patterns and assigned partitions
2025-03-05T01:57:45.287Z  INFO 1 --- [org.springframework.kafka.KafkaListenerEndpointContainer#0-0-C-1] o.a.k.c.c.internals.ConsumerCoordinator  : [Consumer clientId=consumer-calc-group-1, groupId=calc-group] Resetting generation and member id due to: consumer pro-actively leaving the group
2025-03-05T01:57:45.306Z  INFO 1 --- [org.springframework.kafka.KafkaListenerEndpointContainer#0-0-C-1] o.a.k.c.c.internals.ConsumerCoordinator  : [Consumer clientId=consumer-calc-group-1, groupId=calc-group] Request joining group due to: consumer pro-actively leaving the group
