2025-03-05T00:40:25.069Z  INFO 1 --- [main] com.wit.rest.CalculatorApiApplication    : Starting CalculatorApiApplication v0.0.1-SNAPSHOT using Java 17.0.2 with PID 1 (/app/app.jar started by root in /app)
2025-03-05T00:40:26.007Z DEBUG 1 --- [main] com.wit.rest.CalculatorApiApplication    : Running with Spring Boot v3.4.3, Spring v6.2.3
2025-03-05T00:40:26.058Z  INFO 1 --- [main] com.wit.rest.CalculatorApiApplication    : No active profile set, falling back to 1 default profile: "default"
2025-03-05T00:40:38.469Z  INFO 1 --- [main] o.s.b.w.embedded.tomcat.TomcatWebServer  : Tomcat initialized with port 8081 (http)
2025-03-05T00:40:38.537Z  INFO 1 --- [main] o.apache.catalina.core.StandardService   : Starting service [Tomcat]
2025-03-05T00:40:38.541Z  INFO 1 --- [main] o.apache.catalina.core.StandardEngine    : Starting Servlet engine: [Apache Tomcat/10.1.36]
2025-03-05T00:40:38.661Z  INFO 1 --- [main] o.a.c.c.C.[Tomcat].[localhost].[/]       : Initializing Spring embedded WebApplicationContext
2025-03-05T00:40:38.663Z  INFO 1 --- [main] w.s.c.ServletWebServerApplicationContext : Root WebApplicationContext: initialization completed in 11192 ms
2025-03-05T00:40:42.082Z  INFO 1 --- [main] o.s.b.w.embedded.tomcat.TomcatWebServer  : Tomcat started on port 8081 (http) with context path '/'
2025-03-05T00:40:42.386Z  INFO 1 --- [main] o.a.k.clients.consumer.ConsumerConfig    : ConsumerConfig values: 
	allow.auto.create.topics = true
	auto.commit.interval.ms = 5000
	auto.include.jmx.reporter = true
	auto.offset.reset = latest
	bootstrap.servers = [kafka:9092]
	check.crcs = true
	client.dns.lookup = use_all_dns_ips
	client.id = consumer-calc-group-1
	client.rack = 
	connections.max.idle.ms = 540000
	default.api.timeout.ms = 60000
	enable.auto.commit = false
	enable.metrics.push = true
	exclude.internal.topics = true
	fetch.max.bytes = 52428800
	fetch.max.wait.ms = 500
	fetch.min.bytes = 1
	group.id = calc-group
	group.instance.id = null
	group.protocol = classic
	group.remote.assignor = null
	heartbeat.interval.ms = 3000
	interceptor.classes = []
	internal.leave.group.on.close = true
	internal.throw.on.fetch.stable.offset.unsupported = false
	isolation.level = read_uncommitted
	key.deserializer = class org.apache.kafka.common.serialization.StringDeserializer
	max.partition.fetch.bytes = 1048576
	max.poll.interval.ms = 300000
	max.poll.records = 500
	metadata.max.age.ms = 300000
	metadata.recovery.strategy = none
	metric.reporters = []
	metrics.num.samples = 2
	metrics.recording.level = INFO
	metrics.sample.window.ms = 30000
	partition.assignment.strategy = [class org.apache.kafka.clients.consumer.RangeAssignor, class org.apache.kafka.clients.consumer.CooperativeStickyAssignor]
	receive.buffer.bytes = 65536
	reconnect.backoff.max.ms = 1000
	reconnect.backoff.ms = 50
	request.timeout.ms = 30000
	retry.backoff.max.ms = 1000
	retry.backoff.ms = 100
	sasl.client.callback.handler.class = null
	sasl.jaas.config = null
	sasl.kerberos.kinit.cmd = /usr/bin/kinit
	sasl.kerberos.min.time.before.relogin = 60000
	sasl.kerberos.service.name = null
	sasl.kerberos.ticket.renew.jitter = 0.05
	sasl.kerberos.ticket.renew.window.factor = 0.8
	sasl.login.callback.handler.class = null
	sasl.login.class = null
	sasl.login.connect.timeout.ms = null
	sasl.login.read.timeout.ms = null
	sasl.login.refresh.buffer.seconds = 300
	sasl.login.refresh.min.period.seconds = 60
	sasl.login.refresh.window.factor = 0.8
	sasl.login.refresh.window.jitter = 0.05
	sasl.login.retry.backoff.max.ms = 10000
	sasl.login.retry.backoff.ms = 100
	sasl.mechanism = GSSAPI
	sasl.oauthbearer.clock.skew.seconds = 30
	sasl.oauthbearer.expected.audience = null
	sasl.oauthbearer.expected.issuer = null
	sasl.oauthbearer.jwks.endpoint.refresh.ms = 3600000
	sasl.oauthbearer.jwks.endpoint.retry.backoff.max.ms = 10000
	sasl.oauthbearer.jwks.endpoint.retry.backoff.ms = 100
	sasl.oauthbearer.jwks.endpoint.url = null
	sasl.oauthbearer.scope.claim.name = scope
	sasl.oauthbearer.sub.claim.name = sub
	sasl.oauthbearer.token.endpoint.url = null
	security.protocol = PLAINTEXT
	security.providers = null
	send.buffer.bytes = 131072
	session.timeout.ms = 45000
	socket.connection.setup.timeout.max.ms = 30000
	socket.connection.setup.timeout.ms = 10000
	ssl.cipher.suites = null
	ssl.enabled.protocols = [TLSv1.2, TLSv1.3]
	ssl.endpoint.identification.algorithm = https
	ssl.engine.factory.class = null
	ssl.key.password = null
	ssl.keymanager.algorithm = SunX509
	ssl.keystore.certificate.chain = null
	ssl.keystore.key = null
	ssl.keystore.location = null
	ssl.keystore.password = null
	ssl.keystore.type = JKS
	ssl.protocol = TLSv1.3
	ssl.provider = null
	ssl.secure.random.implementation = null
	ssl.trustmanager.algorithm = PKIX
	ssl.truststore.certificates = null
	ssl.truststore.location = null
	ssl.truststore.password = null
	ssl.truststore.type = JKS
	value.deserializer = class org.springframework.kafka.support.serializer.JsonDeserializer

2025-03-05T00:40:42.693Z  INFO 1 --- [main] o.a.k.c.t.i.KafkaMetricsCollector        : initializing Kafka metrics collector
2025-03-05T00:40:43.546Z  INFO 1 --- [main] o.a.kafka.common.utils.AppInfoParser     : Kafka version: 3.8.1
2025-03-05T00:40:43.558Z  INFO 1 --- [main] o.a.kafka.common.utils.AppInfoParser     : Kafka commitId: 70d6ff42debf7e17
2025-03-05T00:40:43.563Z  INFO 1 --- [main] o.a.kafka.common.utils.AppInfoParser     : Kafka startTimeMs: 1741135243543
2025-03-05T00:40:43.573Z  INFO 1 --- [main] o.a.k.c.c.internals.LegacyKafkaConsumer  : [Consumer clientId=consumer-calc-group-1, groupId=calc-group] Subscribed to topic(s): calc-requests
2025-03-05T00:40:43.696Z  INFO 1 --- [main] com.wit.rest.CalculatorApiApplication    : Started CalculatorApiApplication in 29.858 seconds (process running for 35.621)
2025-03-05T00:40:48.348Z  INFO 1 --- [org.springframework.kafka.KafkaListenerEndpointContainer#0-0-C-1] org.apache.kafka.clients.NetworkClient   : [Consumer clientId=consumer-calc-group-1, groupId=calc-group] Node -1 disconnected.
2025-03-05T00:40:48.400Z  WARN 1 --- [org.springframework.kafka.KafkaListenerEndpointContainer#0-0-C-1] org.apache.kafka.clients.NetworkClient   : [Consumer clientId=consumer-calc-group-1, groupId=calc-group] Connection to node -1 (kafka/172.18.0.3:9092) could not be established. Node may not be available.
2025-03-05T00:40:48.412Z  WARN 1 --- [org.springframework.kafka.KafkaListenerEndpointContainer#0-0-C-1] org.apache.kafka.clients.NetworkClient   : [Consumer clientId=consumer-calc-group-1, groupId=calc-group] Bootstrap broker kafka:9092 (id: -1 rack: null) disconnected
2025-03-05T00:40:48.564Z  INFO 1 --- [org.springframework.kafka.KafkaListenerEndpointContainer#0-0-C-1] org.apache.kafka.clients.NetworkClient   : [Consumer clientId=consumer-calc-group-1, groupId=calc-group] Node -1 disconnected.
2025-03-05T00:40:48.565Z  WARN 1 --- [org.springframework.kafka.KafkaListenerEndpointContainer#0-0-C-1] org.apache.kafka.clients.NetworkClient   : [Consumer clientId=consumer-calc-group-1, groupId=calc-group] Connection to node -1 (kafka/172.18.0.3:9092) could not be established. Node may not be available.
2025-03-05T00:40:48.566Z  WARN 1 --- [org.springframework.kafka.KafkaListenerEndpointContainer#0-0-C-1] org.apache.kafka.clients.NetworkClient   : [Consumer clientId=consumer-calc-group-1, groupId=calc-group] Bootstrap broker kafka:9092 (id: -1 rack: null) disconnected
2025-03-05T00:40:48.671Z  INFO 1 --- [org.springframework.kafka.KafkaListenerEndpointContainer#0-0-C-1] org.apache.kafka.clients.NetworkClient   : [Consumer clientId=consumer-calc-group-1, groupId=calc-group] Node -1 disconnected.
2025-03-05T00:40:48.689Z  WARN 1 --- [org.springframework.kafka.KafkaListenerEndpointContainer#0-0-C-1] org.apache.kafka.clients.NetworkClient   : [Consumer clientId=consumer-calc-group-1, groupId=calc-group] Connection to node -1 (kafka/172.18.0.3:9092) could not be established. Node may not be available.
2025-03-05T00:40:48.728Z  WARN 1 --- [org.springframework.kafka.KafkaListenerEndpointContainer#0-0-C-1] org.apache.kafka.clients.NetworkClient   : [Consumer clientId=consumer-calc-group-1, groupId=calc-group] Bootstrap broker kafka:9092 (id: -1 rack: null) disconnected
2025-03-05T00:40:48.941Z  INFO 1 --- [org.springframework.kafka.KafkaListenerEndpointContainer#0-0-C-1] org.apache.kafka.clients.NetworkClient   : [Consumer clientId=consumer-calc-group-1, groupId=calc-group] Node -1 disconnected.
2025-03-05T00:40:48.956Z  WARN 1 --- [org.springframework.kafka.KafkaListenerEndpointContainer#0-0-C-1] org.apache.kafka.clients.NetworkClient   : [Consumer clientId=consumer-calc-group-1, groupId=calc-group] Connection to node -1 (kafka/172.18.0.3:9092) could not be established. Node may not be available.
2025-03-05T00:40:48.996Z  WARN 1 --- [org.springframework.kafka.KafkaListenerEndpointContainer#0-0-C-1] org.apache.kafka.clients.NetworkClient   : [Consumer clientId=consumer-calc-group-1, groupId=calc-group] Bootstrap broker kafka:9092 (id: -1 rack: null) disconnected
2025-03-05T00:40:49.363Z  INFO 1 --- [org.springframework.kafka.KafkaListenerEndpointContainer#0-0-C-1] org.apache.kafka.clients.NetworkClient   : [Consumer clientId=consumer-calc-group-1, groupId=calc-group] Node -1 disconnected.
2025-03-05T00:40:49.368Z  WARN 1 --- [org.springframework.kafka.KafkaListenerEndpointContainer#0-0-C-1] org.apache.kafka.clients.NetworkClient   : [Consumer clientId=consumer-calc-group-1, groupId=calc-group] Connection to node -1 (kafka/172.18.0.3:9092) could not be established. Node may not be available.
2025-03-05T00:40:49.369Z  WARN 1 --- [org.springframework.kafka.KafkaListenerEndpointContainer#0-0-C-1] org.apache.kafka.clients.NetworkClient   : [Consumer clientId=consumer-calc-group-1, groupId=calc-group] Bootstrap broker kafka:9092 (id: -1 rack: null) disconnected
2025-03-05T00:40:50.136Z  INFO 1 --- [org.springframework.kafka.KafkaListenerEndpointContainer#0-0-C-1] org.apache.kafka.clients.NetworkClient   : [Consumer clientId=consumer-calc-group-1, groupId=calc-group] Node -1 disconnected.
2025-03-05T00:40:50.138Z  WARN 1 --- [org.springframework.kafka.KafkaListenerEndpointContainer#0-0-C-1] org.apache.kafka.clients.NetworkClient   : [Consumer clientId=consumer-calc-group-1, groupId=calc-group] Connection to node -1 (kafka/172.18.0.3:9092) could not be established. Node may not be available.
2025-03-05T00:40:50.139Z  WARN 1 --- [org.springframework.kafka.KafkaListenerEndpointContainer#0-0-C-1] org.apache.kafka.clients.NetworkClient   : [Consumer clientId=consumer-calc-group-1, groupId=calc-group] Bootstrap broker kafka:9092 (id: -1 rack: null) disconnected
2025-03-05T00:40:51.122Z  INFO 1 --- [org.springframework.kafka.KafkaListenerEndpointContainer#0-0-C-1] org.apache.kafka.clients.NetworkClient   : [Consumer clientId=consumer-calc-group-1, groupId=calc-group] Node -1 disconnected.
2025-03-05T00:40:51.269Z  WARN 1 --- [org.springframework.kafka.KafkaListenerEndpointContainer#0-0-C-1] org.apache.kafka.clients.NetworkClient   : [Consumer clientId=consumer-calc-group-1, groupId=calc-group] Connection to node -1 (kafka/172.18.0.3:9092) could not be established. Node may not be available.
2025-03-05T00:40:51.272Z  WARN 1 --- [org.springframework.kafka.KafkaListenerEndpointContainer#0-0-C-1] org.apache.kafka.clients.NetworkClient   : [Consumer clientId=consumer-calc-group-1, groupId=calc-group] Bootstrap broker kafka:9092 (id: -1 rack: null) disconnected
2025-03-05T00:40:52.122Z  INFO 1 --- [org.springframework.kafka.KafkaListenerEndpointContainer#0-0-C-1] org.apache.kafka.clients.NetworkClient   : [Consumer clientId=consumer-calc-group-1, groupId=calc-group] Node -1 disconnected.
2025-03-05T00:40:52.123Z  WARN 1 --- [org.springframework.kafka.KafkaListenerEndpointContainer#0-0-C-1] org.apache.kafka.clients.NetworkClient   : [Consumer clientId=consumer-calc-group-1, groupId=calc-group] Connection to node -1 (kafka/172.18.0.3:9092) could not be established. Node may not be available.
2025-03-05T00:40:52.125Z  WARN 1 --- [org.springframework.kafka.KafkaListenerEndpointContainer#0-0-C-1] org.apache.kafka.clients.NetworkClient   : [Consumer clientId=consumer-calc-group-1, groupId=calc-group] Bootstrap broker kafka:9092 (id: -1 rack: null) disconnected
2025-03-05T00:40:53.038Z  INFO 1 --- [org.springframework.kafka.KafkaListenerEndpointContainer#0-0-C-1] org.apache.kafka.clients.NetworkClient   : [Consumer clientId=consumer-calc-group-1, groupId=calc-group] Node -1 disconnected.
2025-03-05T00:40:53.044Z  WARN 1 --- [org.springframework.kafka.KafkaListenerEndpointContainer#0-0-C-1] org.apache.kafka.clients.NetworkClient   : [Consumer clientId=consumer-calc-group-1, groupId=calc-group] Connection to node -1 (kafka/172.18.0.3:9092) could not be established. Node may not be available.
2025-03-05T00:40:53.089Z  WARN 1 --- [org.springframework.kafka.KafkaListenerEndpointContainer#0-0-C-1] org.apache.kafka.clients.NetworkClient   : [Consumer clientId=consumer-calc-group-1, groupId=calc-group] Bootstrap broker kafka:9092 (id: -1 rack: null) disconnected
2025-03-05T00:40:54.086Z  INFO 1 --- [org.springframework.kafka.KafkaListenerEndpointContainer#0-0-C-1] org.apache.kafka.clients.NetworkClient   : [Consumer clientId=consumer-calc-group-1, groupId=calc-group] Node -1 disconnected.
2025-03-05T00:40:54.087Z  WARN 1 --- [org.springframework.kafka.KafkaListenerEndpointContainer#0-0-C-1] org.apache.kafka.clients.NetworkClient   : [Consumer clientId=consumer-calc-group-1, groupId=calc-group] Connection to node -1 (kafka/172.18.0.3:9092) could not be established. Node may not be available.
2025-03-05T00:40:54.088Z  WARN 1 --- [org.springframework.kafka.KafkaListenerEndpointContainer#0-0-C-1] org.apache.kafka.clients.NetworkClient   : [Consumer clientId=consumer-calc-group-1, groupId=calc-group] Bootstrap broker kafka:9092 (id: -1 rack: null) disconnected
2025-03-05T00:40:55.071Z  INFO 1 --- [org.springframework.kafka.KafkaListenerEndpointContainer#0-0-C-1] org.apache.kafka.clients.NetworkClient   : [Consumer clientId=consumer-calc-group-1, groupId=calc-group] Node -1 disconnected.
2025-03-05T00:40:55.074Z  WARN 1 --- [org.springframework.kafka.KafkaListenerEndpointContainer#0-0-C-1] org.apache.kafka.clients.NetworkClient   : [Consumer clientId=consumer-calc-group-1, groupId=calc-group] Connection to node -1 (kafka/172.18.0.3:9092) could not be established. Node may not be available.
2025-03-05T00:40:55.081Z  WARN 1 --- [org.springframework.kafka.KafkaListenerEndpointContainer#0-0-C-1] org.apache.kafka.clients.NetworkClient   : [Consumer clientId=consumer-calc-group-1, groupId=calc-group] Bootstrap broker kafka:9092 (id: -1 rack: null) disconnected
2025-03-05T00:40:59.967Z  WARN 1 --- [org.springframework.kafka.KafkaListenerEndpointContainer#0-0-C-1] org.apache.kafka.clients.NetworkClient   : [Consumer clientId=consumer-calc-group-1, groupId=calc-group] Error while fetching metadata with correlation id 2 : {calc-requests=LEADER_NOT_AVAILABLE}
2025-03-05T00:40:59.973Z  INFO 1 --- [org.springframework.kafka.KafkaListenerEndpointContainer#0-0-C-1] org.apache.kafka.clients.Metadata        : [Consumer clientId=consumer-calc-group-1, groupId=calc-group] Cluster ID: cFRT4VxfT_K2nnHdjQZ3oQ
2025-03-05T00:41:00.007Z  INFO 1 --- [org.springframework.kafka.KafkaListenerEndpointContainer#0-0-C-1] o.a.k.c.c.internals.ConsumerCoordinator  : [Consumer clientId=consumer-calc-group-1, groupId=calc-group] Discovered group coordinator kafka:9092 (id: 2147483646 rack: null)
2025-03-05T00:41:00.074Z  INFO 1 --- [org.springframework.kafka.KafkaListenerEndpointContainer#0-0-C-1] o.a.k.c.c.internals.ConsumerCoordinator  : [Consumer clientId=consumer-calc-group-1, groupId=calc-group] (Re-)joining group
2025-03-05T00:41:00.343Z  INFO 1 --- [org.springframework.kafka.KafkaListenerEndpointContainer#0-0-C-1] o.a.k.c.c.internals.ConsumerCoordinator  : [Consumer clientId=consumer-calc-group-1, groupId=calc-group] Request joining group due to: need to re-join with the given member-id: consumer-calc-group-1-da81539c-3ca7-4709-b770-647abaaa234e
2025-03-05T00:41:00.349Z  INFO 1 --- [org.springframework.kafka.KafkaListenerEndpointContainer#0-0-C-1] o.a.k.c.c.internals.ConsumerCoordinator  : [Consumer clientId=consumer-calc-group-1, groupId=calc-group] (Re-)joining group
2025-03-05T00:41:03.424Z  INFO 1 --- [org.springframework.kafka.KafkaListenerEndpointContainer#0-0-C-1] o.a.k.c.c.internals.ConsumerCoordinator  : [Consumer clientId=consumer-calc-group-1, groupId=calc-group] Successfully joined group with generation Generation{generationId=5, memberId='consumer-calc-group-1-da81539c-3ca7-4709-b770-647abaaa234e', protocol='range'}
2025-03-05T00:41:03.485Z  INFO 1 --- [org.springframework.kafka.KafkaListenerEndpointContainer#0-0-C-1] o.a.k.c.c.internals.ConsumerCoordinator  : [Consumer clientId=consumer-calc-group-1, groupId=calc-group] Finished assignment for group at generation 5: {consumer-calc-group-1-91352660-6486-48ed-9fcf-41ee3f829b1a=Assignment(partitions=[calc-requests-0]), consumer-calc-group-1-da81539c-3ca7-4709-b770-647abaaa234e=Assignment(partitions=[])}
2025-03-05T00:41:03.728Z  INFO 1 --- [org.springframework.kafka.KafkaListenerEndpointContainer#0-0-C-1] o.a.k.c.c.internals.ConsumerCoordinator  : [Consumer clientId=consumer-calc-group-1, groupId=calc-group] Successfully synced group in generation Generation{generationId=5, memberId='consumer-calc-group-1-da81539c-3ca7-4709-b770-647abaaa234e', protocol='range'}
2025-03-05T00:41:03.743Z  INFO 1 --- [org.springframework.kafka.KafkaListenerEndpointContainer#0-0-C-1] o.a.k.c.c.internals.ConsumerCoordinator  : [Consumer clientId=consumer-calc-group-1, groupId=calc-group] Notifying assignor about the new Assignment(partitions=[])
2025-03-05T00:41:03.750Z  INFO 1 --- [org.springframework.kafka.KafkaListenerEndpointContainer#0-0-C-1] k.c.c.i.ConsumerRebalanceListenerInvoker : [Consumer clientId=consumer-calc-group-1, groupId=calc-group] Adding newly assigned partitions: 
2025-03-05T00:41:03.767Z  INFO 1 --- [org.springframework.kafka.KafkaListenerEndpointContainer#0-0-C-1] o.s.k.l.KafkaMessageListenerContainer    : calc-group: partitions assigned: []
2025-03-05T00:43:54.492Z  INFO 1 --- [org.springframework.kafka.KafkaListenerEndpointContainer#0-0-C-1] o.a.k.c.c.internals.ConsumerCoordinator  : [Consumer clientId=consumer-calc-group-1, groupId=calc-group] Request joining group due to: group is already rebalancing
2025-03-05T00:43:54.497Z  INFO 1 --- [org.springframework.kafka.KafkaListenerEndpointContainer#0-0-C-1] k.c.c.i.ConsumerRebalanceListenerInvoker : [Consumer clientId=consumer-calc-group-1, groupId=calc-group] Revoke previously assigned partitions 
2025-03-05T00:43:54.502Z  INFO 1 --- [org.springframework.kafka.KafkaListenerEndpointContainer#0-0-C-1] o.s.k.l.KafkaMessageListenerContainer    : calc-group: partitions revoked: []
2025-03-05T00:43:54.506Z  INFO 1 --- [org.springframework.kafka.KafkaListenerEndpointContainer#0-0-C-1] o.a.k.c.c.internals.ConsumerCoordinator  : [Consumer clientId=consumer-calc-group-1, groupId=calc-group] (Re-)joining group
2025-03-05T00:43:54.513Z  INFO 1 --- [org.springframework.kafka.KafkaListenerEndpointContainer#0-0-C-1] o.a.k.c.c.internals.ConsumerCoordinator  : [Consumer clientId=consumer-calc-group-1, groupId=calc-group] Successfully joined group with generation Generation{generationId=6, memberId='consumer-calc-group-1-da81539c-3ca7-4709-b770-647abaaa234e', protocol='range'}
2025-03-05T00:43:54.517Z  INFO 1 --- [org.springframework.kafka.KafkaListenerEndpointContainer#0-0-C-1] o.a.k.c.c.internals.ConsumerCoordinator  : [Consumer clientId=consumer-calc-group-1, groupId=calc-group] Finished assignment for group at generation 6: {consumer-calc-group-1-da81539c-3ca7-4709-b770-647abaaa234e=Assignment(partitions=[calc-requests-0])}
2025-03-05T00:43:54.527Z  INFO 1 --- [org.springframework.kafka.KafkaListenerEndpointContainer#0-0-C-1] o.a.k.c.c.internals.ConsumerCoordinator  : [Consumer clientId=consumer-calc-group-1, groupId=calc-group] Successfully synced group in generation Generation{generationId=6, memberId='consumer-calc-group-1-da81539c-3ca7-4709-b770-647abaaa234e', protocol='range'}
2025-03-05T00:43:54.530Z  INFO 1 --- [org.springframework.kafka.KafkaListenerEndpointContainer#0-0-C-1] o.a.k.c.c.internals.ConsumerCoordinator  : [Consumer clientId=consumer-calc-group-1, groupId=calc-group] Notifying assignor about the new Assignment(partitions=[calc-requests-0])
2025-03-05T00:43:54.541Z  INFO 1 --- [org.springframework.kafka.KafkaListenerEndpointContainer#0-0-C-1] k.c.c.i.ConsumerRebalanceListenerInvoker : [Consumer clientId=consumer-calc-group-1, groupId=calc-group] Adding newly assigned partitions: calc-requests-0
2025-03-05T00:43:54.568Z  INFO 1 --- [org.springframework.kafka.KafkaListenerEndpointContainer#0-0-C-1] o.a.k.c.c.internals.ConsumerUtils        : Setting offset for partition calc-requests-0 to the committed offset FetchPosition{offset=10, offsetEpoch=Optional.empty, currentLeader=LeaderAndEpoch{leader=Optional[kafka:9092 (id: 1 rack: null)], epoch=0}}
2025-03-05T00:43:54.573Z  INFO 1 --- [org.springframework.kafka.KafkaListenerEndpointContainer#0-0-C-1] o.s.k.l.KafkaMessageListenerContainer    : calc-group: partitions assigned: [calc-requests-0]
2025-03-05T00:48:39.032Z  INFO 1 --- [org.springframework.kafka.KafkaListenerEndpointContainer#0-0-C-1] k.c.c.i.ConsumerRebalanceListenerInvoker : [Consumer clientId=consumer-calc-group-1, groupId=calc-group] Revoke previously assigned partitions calc-requests-0
2025-03-05T00:48:39.049Z  INFO 1 --- [org.springframework.kafka.KafkaListenerEndpointContainer#0-0-C-1] o.s.k.l.KafkaMessageListenerContainer    : calc-group: partitions revoked: [calc-requests-0]
2025-03-05T00:48:39.054Z  INFO 1 --- [org.springframework.kafka.KafkaListenerEndpointContainer#0-0-C-1] o.a.k.c.c.internals.ConsumerCoordinator  : [Consumer clientId=consumer-calc-group-1, groupId=calc-group] Member consumer-calc-group-1-da81539c-3ca7-4709-b770-647abaaa234e sending LeaveGroup request to coordinator kafka:9092 (id: 2147483646 rack: null) due to the consumer unsubscribed from all topics
2025-03-05T00:48:39.065Z  INFO 1 --- [org.springframework.kafka.KafkaListenerEndpointContainer#0-0-C-1] o.a.k.c.c.internals.ConsumerCoordinator  : [Consumer clientId=consumer-calc-group-1, groupId=calc-group] Resetting generation and member id due to: consumer pro-actively leaving the group
2025-03-05T00:48:39.066Z  INFO 1 --- [org.springframework.kafka.KafkaListenerEndpointContainer#0-0-C-1] o.a.k.c.c.internals.ConsumerCoordinator  : [Consumer clientId=consumer-calc-group-1, groupId=calc-group] Request joining group due to: consumer pro-actively leaving the group
2025-03-05T00:48:39.067Z  INFO 1 --- [org.springframework.kafka.KafkaListenerEndpointContainer#0-0-C-1] o.a.k.c.c.internals.LegacyKafkaConsumer  : [Consumer clientId=consumer-calc-group-1, groupId=calc-group] Unsubscribed all topics or patterns and assigned partitions
2025-03-05T00:48:39.085Z  INFO 1 --- [org.springframework.kafka.KafkaListenerEndpointContainer#0-0-C-1] o.a.k.c.c.internals.ConsumerCoordinator  : [Consumer clientId=consumer-calc-group-1, groupId=calc-group] Resetting generation and member id due to: consumer pro-actively leaving the group
2025-03-05T00:48:39.088Z  INFO 1 --- [org.springframework.kafka.KafkaListenerEndpointContainer#0-0-C-1] o.a.k.c.c.internals.ConsumerCoordinator  : [Consumer clientId=consumer-calc-group-1, groupId=calc-group] Request joining group due to: consumer pro-actively leaving the group
2025-03-05T00:48:39.291Z  INFO 1 --- [org.springframework.kafka.KafkaListenerEndpointContainer#0-0-C-1] o.apache.kafka.common.metrics.Metrics    : Metrics scheduler closed
2025-03-05T00:48:39.293Z  INFO 1 --- [org.springframework.kafka.KafkaListenerEndpointContainer#0-0-C-1] o.apache.kafka.common.metrics.Metrics    : Closing reporter org.apache.kafka.common.metrics.JmxReporter
2025-03-05T00:48:39.297Z  INFO 1 --- [org.springframework.kafka.KafkaListenerEndpointContainer#0-0-C-1] o.apache.kafka.common.metrics.Metrics    : Closing reporter org.apache.kafka.common.telemetry.internals.ClientTelemetryReporter
2025-03-05T00:48:39.302Z  INFO 1 --- [org.springframework.kafka.KafkaListenerEndpointContainer#0-0-C-1] o.apache.kafka.common.metrics.Metrics    : Metrics reporters closed
2025-03-05T00:48:39.387Z  INFO 1 --- [org.springframework.kafka.KafkaListenerEndpointContainer#0-0-C-1] o.a.kafka.common.utils.AppInfoParser     : App info kafka.consumer for consumer-calc-group-1 unregistered
2025-03-05T00:48:39.393Z  INFO 1 --- [org.springframework.kafka.KafkaListenerEndpointContainer#0-0-C-1] o.s.k.l.KafkaMessageListenerContainer    : calc-group: Consumer stopped
2025-03-05T00:48:39.409Z  INFO 1 --- [SpringApplicationShutdownHook] o.s.b.w.e.tomcat.GracefulShutdown        : Commencing graceful shutdown. Waiting for active requests to complete
2025-03-05T00:48:39.471Z  INFO 1 --- [tomcat-shutdown] o.s.b.w.e.tomcat.GracefulShutdown        : Graceful shutdown complete
2025-03-05T00:49:01.234Z  INFO 1 --- [main] com.wit.rest.CalculatorApiApplication    : Starting CalculatorApiApplication v0.0.1-SNAPSHOT using Java 17.0.2 with PID 1 (/app/app.jar started by root in /app)
2025-03-05T00:49:01.260Z DEBUG 1 --- [main] com.wit.rest.CalculatorApiApplication    : Running with Spring Boot v3.4.3, Spring v6.2.3
2025-03-05T00:49:01.281Z  INFO 1 --- [main] com.wit.rest.CalculatorApiApplication    : No active profile set, falling back to 1 default profile: "default"
2025-03-05T00:49:08.457Z  INFO 1 --- [main] o.s.b.w.embedded.tomcat.TomcatWebServer  : Tomcat initialized with port 8081 (http)
2025-03-05T00:49:08.490Z  INFO 1 --- [main] o.apache.catalina.core.StandardService   : Starting service [Tomcat]
2025-03-05T00:49:08.494Z  INFO 1 --- [main] o.apache.catalina.core.StandardEngine    : Starting Servlet engine: [Apache Tomcat/10.1.36]
2025-03-05T00:49:08.603Z  INFO 1 --- [main] o.a.c.c.C.[Tomcat].[localhost].[/]       : Initializing Spring embedded WebApplicationContext
2025-03-05T00:49:08.609Z  INFO 1 --- [main] w.s.c.ServletWebServerApplicationContext : Root WebApplicationContext: initialization completed in 6884 ms
2025-03-05T00:49:11.490Z  INFO 1 --- [main] o.s.b.w.embedded.tomcat.TomcatWebServer  : Tomcat started on port 8081 (http) with context path '/'
2025-03-05T00:49:11.732Z  INFO 1 --- [main] o.a.k.clients.consumer.ConsumerConfig    : ConsumerConfig values: 
	allow.auto.create.topics = true
	auto.commit.interval.ms = 5000
	auto.include.jmx.reporter = true
	auto.offset.reset = latest
	bootstrap.servers = [kafka:9092]
	check.crcs = true
	client.dns.lookup = use_all_dns_ips
	client.id = consumer-calc-group-1
	client.rack = 
	connections.max.idle.ms = 540000
	default.api.timeout.ms = 60000
	enable.auto.commit = false
	enable.metrics.push = true
	exclude.internal.topics = true
	fetch.max.bytes = 52428800
	fetch.max.wait.ms = 500
	fetch.min.bytes = 1
	group.id = calc-group
	group.instance.id = null
	group.protocol = classic
	group.remote.assignor = null
	heartbeat.interval.ms = 3000
	interceptor.classes = []
	internal.leave.group.on.close = true
	internal.throw.on.fetch.stable.offset.unsupported = false
	isolation.level = read_uncommitted
	key.deserializer = class org.apache.kafka.common.serialization.StringDeserializer
	max.partition.fetch.bytes = 1048576
	max.poll.interval.ms = 300000
	max.poll.records = 500
	metadata.max.age.ms = 300000
	metadata.recovery.strategy = none
	metric.reporters = []
	metrics.num.samples = 2
	metrics.recording.level = INFO
	metrics.sample.window.ms = 30000
	partition.assignment.strategy = [class org.apache.kafka.clients.consumer.RangeAssignor, class org.apache.kafka.clients.consumer.CooperativeStickyAssignor]
	receive.buffer.bytes = 65536
	reconnect.backoff.max.ms = 1000
	reconnect.backoff.ms = 50
	request.timeout.ms = 30000
	retry.backoff.max.ms = 1000
	retry.backoff.ms = 100
	sasl.client.callback.handler.class = null
	sasl.jaas.config = null
	sasl.kerberos.kinit.cmd = /usr/bin/kinit
	sasl.kerberos.min.time.before.relogin = 60000
	sasl.kerberos.service.name = null
	sasl.kerberos.ticket.renew.jitter = 0.05
	sasl.kerberos.ticket.renew.window.factor = 0.8
	sasl.login.callback.handler.class = null
	sasl.login.class = null
	sasl.login.connect.timeout.ms = null
	sasl.login.read.timeout.ms = null
	sasl.login.refresh.buffer.seconds = 300
	sasl.login.refresh.min.period.seconds = 60
	sasl.login.refresh.window.factor = 0.8
	sasl.login.refresh.window.jitter = 0.05
	sasl.login.retry.backoff.max.ms = 10000
	sasl.login.retry.backoff.ms = 100
	sasl.mechanism = GSSAPI
	sasl.oauthbearer.clock.skew.seconds = 30
	sasl.oauthbearer.expected.audience = null
	sasl.oauthbearer.expected.issuer = null
	sasl.oauthbearer.jwks.endpoint.refresh.ms = 3600000
	sasl.oauthbearer.jwks.endpoint.retry.backoff.max.ms = 10000
	sasl.oauthbearer.jwks.endpoint.retry.backoff.ms = 100
	sasl.oauthbearer.jwks.endpoint.url = null
	sasl.oauthbearer.scope.claim.name = scope
	sasl.oauthbearer.sub.claim.name = sub
	sasl.oauthbearer.token.endpoint.url = null
	security.protocol = PLAINTEXT
	security.providers = null
	send.buffer.bytes = 131072
	session.timeout.ms = 45000
	socket.connection.setup.timeout.max.ms = 30000
	socket.connection.setup.timeout.ms = 10000
	ssl.cipher.suites = null
	ssl.enabled.protocols = [TLSv1.2, TLSv1.3]
	ssl.endpoint.identification.algorithm = https
	ssl.engine.factory.class = null
	ssl.key.password = null
	ssl.keymanager.algorithm = SunX509
	ssl.keystore.certificate.chain = null
	ssl.keystore.key = null
	ssl.keystore.location = null
	ssl.keystore.password = null
	ssl.keystore.type = JKS
	ssl.protocol = TLSv1.3
	ssl.provider = null
	ssl.secure.random.implementation = null
	ssl.trustmanager.algorithm = PKIX
	ssl.truststore.certificates = null
	ssl.truststore.location = null
	ssl.truststore.password = null
	ssl.truststore.type = JKS
	value.deserializer = class org.springframework.kafka.support.serializer.JsonDeserializer

2025-03-05T00:49:12.072Z  INFO 1 --- [main] o.a.k.c.t.i.KafkaMetricsCollector        : initializing Kafka metrics collector
2025-03-05T00:49:12.798Z  INFO 1 --- [main] o.a.kafka.common.utils.AppInfoParser     : Kafka version: 3.8.1
2025-03-05T00:49:12.805Z  INFO 1 --- [main] o.a.kafka.common.utils.AppInfoParser     : Kafka commitId: 70d6ff42debf7e17
2025-03-05T00:49:12.823Z  INFO 1 --- [main] o.a.kafka.common.utils.AppInfoParser     : Kafka startTimeMs: 1741135752795
2025-03-05T00:49:12.845Z  INFO 1 --- [main] o.a.k.c.c.internals.LegacyKafkaConsumer  : [Consumer clientId=consumer-calc-group-1, groupId=calc-group] Subscribed to topic(s): calc-requests
2025-03-05T00:49:12.967Z  INFO 1 --- [main] com.wit.rest.CalculatorApiApplication    : Started CalculatorApiApplication in 23.375 seconds (process running for 27.603)
2025-03-05T00:49:14.730Z  INFO 1 --- [org.springframework.kafka.KafkaListenerEndpointContainer#0-0-C-1] org.apache.kafka.clients.Metadata        : [Consumer clientId=consumer-calc-group-1, groupId=calc-group] Cluster ID: cFRT4VxfT_K2nnHdjQZ3oQ
2025-03-05T00:49:14.741Z  INFO 1 --- [org.springframework.kafka.KafkaListenerEndpointContainer#0-0-C-1] o.a.k.c.c.internals.ConsumerCoordinator  : [Consumer clientId=consumer-calc-group-1, groupId=calc-group] Discovered group coordinator kafka:9092 (id: 2147483646 rack: null)
2025-03-05T00:49:14.767Z  INFO 1 --- [org.springframework.kafka.KafkaListenerEndpointContainer#0-0-C-1] o.a.k.c.c.internals.ConsumerCoordinator  : [Consumer clientId=consumer-calc-group-1, groupId=calc-group] (Re-)joining group
2025-03-05T00:49:14.841Z  INFO 1 --- [org.springframework.kafka.KafkaListenerEndpointContainer#0-0-C-1] o.a.k.c.c.internals.ConsumerCoordinator  : [Consumer clientId=consumer-calc-group-1, groupId=calc-group] Request joining group due to: need to re-join with the given member-id: consumer-calc-group-1-4297f1a8-562c-4a35-aeb8-125a1769448f
2025-03-05T00:49:14.844Z  INFO 1 --- [org.springframework.kafka.KafkaListenerEndpointContainer#0-0-C-1] o.a.k.c.c.internals.ConsumerCoordinator  : [Consumer clientId=consumer-calc-group-1, groupId=calc-group] (Re-)joining group
2025-03-05T00:49:17.853Z  INFO 1 --- [org.springframework.kafka.KafkaListenerEndpointContainer#0-0-C-1] o.a.k.c.c.internals.ConsumerCoordinator  : [Consumer clientId=consumer-calc-group-1, groupId=calc-group] Successfully joined group with generation Generation{generationId=8, memberId='consumer-calc-group-1-4297f1a8-562c-4a35-aeb8-125a1769448f', protocol='range'}
2025-03-05T00:49:17.907Z  INFO 1 --- [org.springframework.kafka.KafkaListenerEndpointContainer#0-0-C-1] o.a.k.c.c.internals.ConsumerCoordinator  : [Consumer clientId=consumer-calc-group-1, groupId=calc-group] Finished assignment for group at generation 8: {consumer-calc-group-1-b9aa39c1-4f61-4814-8ec6-a6989a5d217a=Assignment(partitions=[]), consumer-calc-group-1-4297f1a8-562c-4a35-aeb8-125a1769448f=Assignment(partitions=[calc-requests-0])}
2025-03-05T00:49:17.946Z  INFO 1 --- [org.springframework.kafka.KafkaListenerEndpointContainer#0-0-C-1] o.a.k.c.c.internals.ConsumerCoordinator  : [Consumer clientId=consumer-calc-group-1, groupId=calc-group] Successfully synced group in generation Generation{generationId=8, memberId='consumer-calc-group-1-4297f1a8-562c-4a35-aeb8-125a1769448f', protocol='range'}
2025-03-05T00:49:17.954Z  INFO 1 --- [org.springframework.kafka.KafkaListenerEndpointContainer#0-0-C-1] o.a.k.c.c.internals.ConsumerCoordinator  : [Consumer clientId=consumer-calc-group-1, groupId=calc-group] Notifying assignor about the new Assignment(partitions=[calc-requests-0])
2025-03-05T00:49:17.974Z  INFO 1 --- [org.springframework.kafka.KafkaListenerEndpointContainer#0-0-C-1] k.c.c.i.ConsumerRebalanceListenerInvoker : [Consumer clientId=consumer-calc-group-1, groupId=calc-group] Adding newly assigned partitions: calc-requests-0
2025-03-05T00:49:18.010Z  INFO 1 --- [org.springframework.kafka.KafkaListenerEndpointContainer#0-0-C-1] o.a.k.c.c.internals.ConsumerUtils        : Setting offset for partition calc-requests-0 to the committed offset FetchPosition{offset=10, offsetEpoch=Optional.empty, currentLeader=LeaderAndEpoch{leader=Optional[kafka:9092 (id: 1 rack: null)], epoch=0}}
2025-03-05T00:49:18.130Z  INFO 1 --- [org.springframework.kafka.KafkaListenerEndpointContainer#0-0-C-1] o.s.k.l.KafkaMessageListenerContainer    : calc-group: partitions assigned: [calc-requests-0]
2025-03-05T00:49:19.001Z  INFO 1 --- [org.springframework.kafka.KafkaListenerEndpointContainer#0-0-C-1] com.wit.rest.kafka.OperationConsumer     : UUID=9ae24927-f2d6-4217-8095-db8fd89f7446 | Mensagem recebida via Kafka: Operação=multiplication | a=21 | b=17 | Resultado=357
2025-03-05T00:52:14.573Z  INFO 1 --- [org.springframework.kafka.KafkaListenerEndpointContainer#0-0-C-1] com.wit.rest.kafka.OperationConsumer     : UUID=4a42c496-8e29-43fb-ba14-023be03f377e | Mensagem recebida via Kafka: Operação=sum | a=5 | b=3 | Resultado=8
2025-03-05T00:58:15.145Z  INFO 1 --- [org.springframework.kafka.KafkaListenerEndpointContainer#0-0-C-1] org.apache.kafka.clients.NetworkClient   : [Consumer clientId=consumer-calc-group-1, groupId=calc-group] Node -1 disconnected.
2025-03-05T01:08:14.732Z  INFO 1 --- [org.springframework.kafka.KafkaListenerEndpointContainer#0-0-C-1] org.apache.kafka.clients.NetworkClient   : [Consumer clientId=consumer-calc-group-1, groupId=calc-group] Node -1 disconnected.
2025-03-05T01:19:55.140Z  INFO 1 --- [org.springframework.kafka.KafkaListenerEndpointContainer#0-0-C-1] k.c.c.i.ConsumerRebalanceListenerInvoker : [Consumer clientId=consumer-calc-group-1, groupId=calc-group] Revoke previously assigned partitions calc-requests-0
2025-03-05T01:19:55.272Z  INFO 1 --- [org.springframework.kafka.KafkaListenerEndpointContainer#0-0-C-1] o.s.k.l.KafkaMessageListenerContainer    : calc-group: partitions revoked: [calc-requests-0]
2025-03-05T01:19:55.297Z  INFO 1 --- [org.springframework.kafka.KafkaListenerEndpointContainer#0-0-C-1] o.a.k.c.c.internals.ConsumerCoordinator  : [Consumer clientId=consumer-calc-group-1, groupId=calc-group] Member consumer-calc-group-1-4297f1a8-562c-4a35-aeb8-125a1769448f sending LeaveGroup request to coordinator kafka:9092 (id: 2147483646 rack: null) due to the consumer unsubscribed from all topics
2025-03-05T01:19:55.323Z  INFO 1 --- [org.springframework.kafka.KafkaListenerEndpointContainer#0-0-C-1] o.a.k.c.c.internals.ConsumerCoordinator  : [Consumer clientId=consumer-calc-group-1, groupId=calc-group] Request joining group due to: group is already rebalancing
2025-03-05T01:19:55.334Z  INFO 1 --- [org.springframework.kafka.KafkaListenerEndpointContainer#0-0-C-1] o.a.k.c.c.internals.ConsumerCoordinator  : [Consumer clientId=consumer-calc-group-1, groupId=calc-group] Resetting generation and member id due to: consumer pro-actively leaving the group
2025-03-05T01:19:55.346Z  INFO 1 --- [org.springframework.kafka.KafkaListenerEndpointContainer#0-0-C-1] o.a.k.c.c.internals.ConsumerCoordinator  : [Consumer clientId=consumer-calc-group-1, groupId=calc-group] Request joining group due to: consumer pro-actively leaving the group
2025-03-05T01:19:55.350Z  INFO 1 --- [org.springframework.kafka.KafkaListenerEndpointContainer#0-0-C-1] o.a.k.c.c.internals.LegacyKafkaConsumer  : [Consumer clientId=consumer-calc-group-1, groupId=calc-group] Unsubscribed all topics or patterns and assigned partitions
2025-03-05T01:19:55.434Z  INFO 1 --- [org.springframework.kafka.KafkaListenerEndpointContainer#0-0-C-1] o.a.k.c.c.internals.ConsumerCoordinator  : [Consumer clientId=consumer-calc-group-1, groupId=calc-group] Resetting generation and member id due to: consumer pro-actively leaving the group
2025-03-05T01:19:55.435Z  INFO 1 --- [org.springframework.kafka.KafkaListenerEndpointContainer#0-0-C-1] o.a.k.c.c.internals.ConsumerCoordinator  : [Consumer clientId=consumer-calc-group-1, groupId=calc-group] Request joining group due to: consumer pro-actively leaving the group
2025-03-05T01:19:55.597Z  INFO 1 --- [org.springframework.kafka.KafkaListenerEndpointContainer#0-0-C-1] o.apache.kafka.common.metrics.Metrics    : Metrics scheduler closed
2025-03-05T01:19:55.600Z  INFO 1 --- [org.springframework.kafka.KafkaListenerEndpointContainer#0-0-C-1] o.apache.kafka.common.metrics.Metrics    : Closing reporter org.apache.kafka.common.metrics.JmxReporter
2025-03-05T01:19:55.612Z  INFO 1 --- [org.springframework.kafka.KafkaListenerEndpointContainer#0-0-C-1] o.apache.kafka.common.metrics.Metrics    : Closing reporter org.apache.kafka.common.telemetry.internals.ClientTelemetryReporter
2025-03-05T01:19:55.616Z  INFO 1 --- [org.springframework.kafka.KafkaListenerEndpointContainer#0-0-C-1] o.apache.kafka.common.metrics.Metrics    : Metrics reporters closed
2025-03-05T01:19:55.768Z  INFO 1 --- [org.springframework.kafka.KafkaListenerEndpointContainer#0-0-C-1] o.a.kafka.common.utils.AppInfoParser     : App info kafka.consumer for consumer-calc-group-1 unregistered
2025-03-05T01:19:55.790Z  INFO 1 --- [org.springframework.kafka.KafkaListenerEndpointContainer#0-0-C-1] o.s.k.l.KafkaMessageListenerContainer    : calc-group: Consumer stopped
2025-03-05T01:19:55.826Z  INFO 1 --- [SpringApplicationShutdownHook] o.s.b.w.e.tomcat.GracefulShutdown        : Commencing graceful shutdown. Waiting for active requests to complete
2025-03-05T01:19:55.968Z  INFO 1 --- [tomcat-shutdown] o.s.b.w.e.tomcat.GracefulShutdown        : Graceful shutdown complete
2025-03-05T01:21:24.305Z  INFO 1 --- [main] com.wit.rest.CalculatorApiApplication    : Starting CalculatorApiApplication v0.0.1-SNAPSHOT using Java 17.0.2 with PID 1 (/app/app.jar started by root in /app)
2025-03-05T01:21:24.327Z DEBUG 1 --- [main] com.wit.rest.CalculatorApiApplication    : Running with Spring Boot v3.4.3, Spring v6.2.3
2025-03-05T01:21:24.334Z  INFO 1 --- [main] com.wit.rest.CalculatorApiApplication    : No active profile set, falling back to 1 default profile: "default"
2025-03-05T01:21:36.531Z  INFO 1 --- [main] o.s.b.w.embedded.tomcat.TomcatWebServer  : Tomcat initialized with port 8081 (http)
2025-03-05T01:21:36.877Z  INFO 1 --- [main] w.s.c.ServletWebServerApplicationContext : Root WebApplicationContext: initialization completed in 11894 ms
2025-03-05T01:54:52.197Z  INFO 1 --- [main] com.wit.rest.CalculatorApiApplication    : Starting CalculatorApiApplication v0.0.1-SNAPSHOT using Java 17.0.2 with PID 1 (/app/app.jar started by root in /app)
2025-03-05T01:54:52.244Z DEBUG 1 --- [main] com.wit.rest.CalculatorApiApplication    : Running with Spring Boot v3.4.3, Spring v6.2.3
2025-03-05T01:54:52.273Z  INFO 1 --- [main] com.wit.rest.CalculatorApiApplication    : No active profile set, falling back to 1 default profile: "default"
2025-03-05T01:55:06.380Z  INFO 1 --- [main] o.s.b.w.embedded.tomcat.TomcatWebServer  : Tomcat initialized with port 8081 (http)
2025-03-05T01:55:06.482Z  INFO 1 --- [main] o.apache.catalina.core.StandardService   : Starting service [Tomcat]
2025-03-05T01:55:06.484Z  INFO 1 --- [main] o.apache.catalina.core.StandardEngine    : Starting Servlet engine: [Apache Tomcat/10.1.36]
2025-03-05T01:55:06.715Z  INFO 1 --- [main] o.a.c.c.C.[Tomcat].[localhost].[/]       : Initializing Spring embedded WebApplicationContext
2025-03-05T01:55:06.723Z  INFO 1 --- [main] w.s.c.ServletWebServerApplicationContext : Root WebApplicationContext: initialization completed in 13561 ms
2025-03-05T01:55:16.636Z  INFO 1 --- [main] o.s.b.w.embedded.tomcat.TomcatWebServer  : Tomcat started on port 8081 (http) with context path '/'
2025-03-05T01:55:17.816Z  INFO 1 --- [main] o.a.k.clients.consumer.ConsumerConfig    : ConsumerConfig values: 
	allow.auto.create.topics = true
	auto.commit.interval.ms = 5000
	auto.include.jmx.reporter = true
	auto.offset.reset = latest
	bootstrap.servers = [kafka:9092]
	check.crcs = true
	client.dns.lookup = use_all_dns_ips
	client.id = consumer-calc-group-1
	client.rack = 
	connections.max.idle.ms = 540000
	default.api.timeout.ms = 60000
	enable.auto.commit = false
	enable.metrics.push = true
	exclude.internal.topics = true
	fetch.max.bytes = 52428800
	fetch.max.wait.ms = 500
	fetch.min.bytes = 1
	group.id = calc-group
	group.instance.id = null
	group.protocol = classic
	group.remote.assignor = null
	heartbeat.interval.ms = 3000
	interceptor.classes = []
	internal.leave.group.on.close = true
	internal.throw.on.fetch.stable.offset.unsupported = false
	isolation.level = read_uncommitted
	key.deserializer = class org.apache.kafka.common.serialization.StringDeserializer
	max.partition.fetch.bytes = 1048576
	max.poll.interval.ms = 300000
	max.poll.records = 500
	metadata.max.age.ms = 300000
	metadata.recovery.strategy = none
	metric.reporters = []
	metrics.num.samples = 2
	metrics.recording.level = INFO
	metrics.sample.window.ms = 30000
	partition.assignment.strategy = [class org.apache.kafka.clients.consumer.RangeAssignor, class org.apache.kafka.clients.consumer.CooperativeStickyAssignor]
	receive.buffer.bytes = 65536
	reconnect.backoff.max.ms = 1000
	reconnect.backoff.ms = 50
	request.timeout.ms = 30000
	retry.backoff.max.ms = 1000
	retry.backoff.ms = 100
	sasl.client.callback.handler.class = null
	sasl.jaas.config = null
	sasl.kerberos.kinit.cmd = /usr/bin/kinit
	sasl.kerberos.min.time.before.relogin = 60000
	sasl.kerberos.service.name = null
	sasl.kerberos.ticket.renew.jitter = 0.05
	sasl.kerberos.ticket.renew.window.factor = 0.8
	sasl.login.callback.handler.class = null
	sasl.login.class = null
	sasl.login.connect.timeout.ms = null
	sasl.login.read.timeout.ms = null
	sasl.login.refresh.buffer.seconds = 300
	sasl.login.refresh.min.period.seconds = 60
	sasl.login.refresh.window.factor = 0.8
	sasl.login.refresh.window.jitter = 0.05
	sasl.login.retry.backoff.max.ms = 10000
	sasl.login.retry.backoff.ms = 100
	sasl.mechanism = GSSAPI
	sasl.oauthbearer.clock.skew.seconds = 30
	sasl.oauthbearer.expected.audience = null
	sasl.oauthbearer.expected.issuer = null
	sasl.oauthbearer.jwks.endpoint.refresh.ms = 3600000
	sasl.oauthbearer.jwks.endpoint.retry.backoff.max.ms = 10000
	sasl.oauthbearer.jwks.endpoint.retry.backoff.ms = 100
	sasl.oauthbearer.jwks.endpoint.url = null
	sasl.oauthbearer.scope.claim.name = scope
	sasl.oauthbearer.sub.claim.name = sub
	sasl.oauthbearer.token.endpoint.url = null
	security.protocol = PLAINTEXT
	security.providers = null
	send.buffer.bytes = 131072
	session.timeout.ms = 45000
	socket.connection.setup.timeout.max.ms = 30000
	socket.connection.setup.timeout.ms = 10000
	ssl.cipher.suites = null
	ssl.enabled.protocols = [TLSv1.2, TLSv1.3]
	ssl.endpoint.identification.algorithm = https
	ssl.engine.factory.class = null
	ssl.key.password = null
	ssl.keymanager.algorithm = SunX509
	ssl.keystore.certificate.chain = null
	ssl.keystore.key = null
	ssl.keystore.location = null
	ssl.keystore.password = null
	ssl.keystore.type = JKS
	ssl.protocol = TLSv1.3
	ssl.provider = null
	ssl.secure.random.implementation = null
	ssl.trustmanager.algorithm = PKIX
	ssl.truststore.certificates = null
	ssl.truststore.location = null
	ssl.truststore.password = null
	ssl.truststore.type = JKS
	value.deserializer = class org.springframework.kafka.support.serializer.JsonDeserializer

2025-03-05T01:55:18.827Z  INFO 1 --- [main] o.a.k.c.t.i.KafkaMetricsCollector        : initializing Kafka metrics collector
2025-03-05T01:55:21.183Z  INFO 1 --- [main] o.a.kafka.common.utils.AppInfoParser     : Kafka version: 3.8.1
2025-03-05T01:55:21.222Z  INFO 1 --- [main] o.a.kafka.common.utils.AppInfoParser     : Kafka commitId: 70d6ff42debf7e17
2025-03-05T01:55:21.223Z  INFO 1 --- [main] o.a.kafka.common.utils.AppInfoParser     : Kafka startTimeMs: 1741139721164
2025-03-05T01:55:21.299Z  INFO 1 --- [main] o.a.k.c.c.internals.LegacyKafkaConsumer  : [Consumer clientId=consumer-calc-group-1, groupId=calc-group] Subscribed to topic(s): calc-requests
2025-03-05T01:55:21.820Z  INFO 1 --- [main] com.wit.rest.CalculatorApiApplication    : Started CalculatorApiApplication in 34.803 seconds (process running for 39.237)
2025-03-05T01:55:28.826Z  INFO 1 --- [org.springframework.kafka.KafkaListenerEndpointContainer#0-0-C-1] org.apache.kafka.clients.Metadata        : [Consumer clientId=consumer-calc-group-1, groupId=calc-group] Cluster ID: 5o5e3bFWRTOj7WIqk6dvAA
2025-03-05T01:55:28.858Z  INFO 1 --- [org.springframework.kafka.KafkaListenerEndpointContainer#0-0-C-1] o.a.k.c.c.internals.ConsumerCoordinator  : [Consumer clientId=consumer-calc-group-1, groupId=calc-group] Discovered group coordinator kafka:9092 (id: 2147483646 rack: null)
2025-03-05T01:55:28.962Z  INFO 1 --- [org.springframework.kafka.KafkaListenerEndpointContainer#0-0-C-1] o.a.k.c.c.internals.ConsumerCoordinator  : [Consumer clientId=consumer-calc-group-1, groupId=calc-group] (Re-)joining group
2025-03-05T01:55:29.323Z  INFO 1 --- [org.springframework.kafka.KafkaListenerEndpointContainer#0-0-C-1] o.a.k.c.c.internals.ConsumerCoordinator  : [Consumer clientId=consumer-calc-group-1, groupId=calc-group] Request joining group due to: need to re-join with the given member-id: consumer-calc-group-1-0ac787ef-8b9d-4a1b-8386-8cc73d759b0c
2025-03-05T01:55:29.346Z  INFO 1 --- [org.springframework.kafka.KafkaListenerEndpointContainer#0-0-C-1] o.a.k.c.c.internals.ConsumerCoordinator  : [Consumer clientId=consumer-calc-group-1, groupId=calc-group] (Re-)joining group
2025-03-05T01:55:31.145Z  INFO 1 --- [org.springframework.kafka.KafkaListenerEndpointContainer#0-0-C-1] o.a.k.c.c.internals.ConsumerCoordinator  : [Consumer clientId=consumer-calc-group-1, groupId=calc-group] Successfully joined group with generation Generation{generationId=3, memberId='consumer-calc-group-1-0ac787ef-8b9d-4a1b-8386-8cc73d759b0c', protocol='range'}
2025-03-05T01:55:31.304Z  INFO 1 --- [org.springframework.kafka.KafkaListenerEndpointContainer#0-0-C-1] o.a.k.c.c.internals.ConsumerCoordinator  : [Consumer clientId=consumer-calc-group-1, groupId=calc-group] Successfully synced group in generation Generation{generationId=3, memberId='consumer-calc-group-1-0ac787ef-8b9d-4a1b-8386-8cc73d759b0c', protocol='range'}
2025-03-05T01:55:31.316Z  INFO 1 --- [org.springframework.kafka.KafkaListenerEndpointContainer#0-0-C-1] o.a.k.c.c.internals.ConsumerCoordinator  : [Consumer clientId=consumer-calc-group-1, groupId=calc-group] Notifying assignor about the new Assignment(partitions=[calc-requests-0])
2025-03-05T01:55:31.351Z  INFO 1 --- [org.springframework.kafka.KafkaListenerEndpointContainer#0-0-C-1] k.c.c.i.ConsumerRebalanceListenerInvoker : [Consumer clientId=consumer-calc-group-1, groupId=calc-group] Adding newly assigned partitions: calc-requests-0
2025-03-05T01:55:31.504Z  INFO 1 --- [org.springframework.kafka.KafkaListenerEndpointContainer#0-0-C-1] o.a.k.c.c.internals.ConsumerUtils        : Setting offset for partition calc-requests-0 to the committed offset FetchPosition{offset=1, offsetEpoch=Optional.empty, currentLeader=LeaderAndEpoch{leader=Optional[kafka:9092 (id: 1 rack: null)], epoch=0}}
2025-03-05T01:55:31.538Z  INFO 1 --- [org.springframework.kafka.KafkaListenerEndpointContainer#0-0-C-1] o.s.k.l.KafkaMessageListenerContainer    : calc-group: partitions assigned: [calc-requests-0]
2025-03-05T01:55:32.953Z  INFO 1 --- [org.springframework.kafka.KafkaListenerEndpointContainer#0-0-C-1] com.wit.rest.kafka.OperationConsumer     : UUID=3c1c60c5-53be-4f82-8271-b4c8c5ea91e9 | Mensagem recebida via Kafka: Operação=division | a=21 | b=3 | Resultado=7.0000000000
2025-03-05T01:55:32.962Z  INFO 1 --- [org.springframework.kafka.KafkaListenerEndpointContainer#0-0-C-1] com.wit.rest.kafka.OperationConsumer     : UUID=dcfbd87a-a6c5-4929-939a-c2b37412f4c7 | Mensagem recebida via Kafka: Operação=division | a=21 | b=3 | Resultado=7.0000000000
2025-03-05T01:57:44.916Z  INFO 1 --- [org.springframework.kafka.KafkaListenerEndpointContainer#0-0-C-1] k.c.c.i.ConsumerRebalanceListenerInvoker : [Consumer clientId=consumer-calc-group-1, groupId=calc-group] Revoke previously assigned partitions calc-requests-0
2025-03-05T01:57:45.114Z  INFO 1 --- [org.springframework.kafka.KafkaListenerEndpointContainer#0-0-C-1] o.s.k.l.KafkaMessageListenerContainer    : calc-group: partitions revoked: [calc-requests-0]
2025-03-05T01:57:45.166Z  INFO 1 --- [org.springframework.kafka.KafkaListenerEndpointContainer#0-0-C-1] o.a.k.c.c.internals.ConsumerCoordinator  : [Consumer clientId=consumer-calc-group-1, groupId=calc-group] Member consumer-calc-group-1-0ac787ef-8b9d-4a1b-8386-8cc73d759b0c sending LeaveGroup request to coordinator kafka:9092 (id: 2147483646 rack: null) due to the consumer unsubscribed from all topics
2025-03-05T01:57:45.192Z  INFO 1 --- [org.springframework.kafka.KafkaListenerEndpointContainer#0-0-C-1] o.a.k.c.c.internals.ConsumerCoordinator  : [Consumer clientId=consumer-calc-group-1, groupId=calc-group] Resetting generation and member id due to: consumer pro-actively leaving the group
2025-03-05T01:57:45.197Z  INFO 1 --- [org.springframework.kafka.KafkaListenerEndpointContainer#0-0-C-1] o.a.k.c.c.internals.ConsumerCoordinator  : [Consumer clientId=consumer-calc-group-1, groupId=calc-group] Request joining group due to: consumer pro-actively leaving the group
2025-03-05T01:57:45.201Z  INFO 1 --- [org.springframework.kafka.KafkaListenerEndpointContainer#0-0-C-1] o.a.k.c.c.internals.LegacyKafkaConsumer  : [Consumer clientId=consumer-calc-group-1, groupId=calc-group] Unsubscribed all topics or patterns and assigned partitions
2025-03-05T01:57:45.519Z  INFO 1 --- [org.springframework.kafka.KafkaListenerEndpointContainer#0-0-C-1] o.a.k.c.c.internals.ConsumerCoordinator  : [Consumer clientId=consumer-calc-group-1, groupId=calc-group] Resetting generation and member id due to: consumer pro-actively leaving the group
2025-03-05T01:57:45.534Z  INFO 1 --- [org.springframework.kafka.KafkaListenerEndpointContainer#0-0-C-1] o.a.k.c.c.internals.ConsumerCoordinator  : [Consumer clientId=consumer-calc-group-1, groupId=calc-group] Request joining group due to: consumer pro-actively leaving the group
